GROUP,PACKAGE,CLASS,INSTRUCTION_MISSED,INSTRUCTION_COVERED,BRANCH_MISSED,BRANCH_COVERED,LINE_MISSED,LINE_COVERED,COMPLEXITY_MISSED,COMPLEXITY_COVERED,METHOD_MISSED,METHOD_COVERED
stars,edu.brown.cs.abeckrui.stars,Main.FrontHandler,12,0,0,0,2,0,1,0,1,0
stars,edu.brown.cs.abeckrui.stars,Main.RadiusSubmitHandler,76,0,6,0,17,0,4,0,1,0
stars,edu.brown.cs.abeckrui.stars,StarsLogic,1157,835,123,87,223,192,78,44,3,12
stars,edu.brown.cs.abeckrui.stars,Main.NeighborsSubmitHandler,76,0,6,0,17,0,4,0,1,0
stars,edu.brown.cs.abeckrui.stars,Star,20,48,0,4,5,16,2,8,2,6
stars,edu.brown.cs.abeckrui.stars,Main,159,0,2,0,40,0,6,0,5,0
stars,edu.brown.cs.abeckrui.stars,Main.ExceptionPrinter,26,0,0,0,8,0,1,0,1,0
stars,edu.brown.cs.abeckrui.stars,PriorityComparator,8,68,3,1,3,15,2,2,0,2
stars,edu.brown.cs.abeckrui.mockaroo,MockPersonLogic,148,101,15,15,29,23,14,5,2,2
stars,edu.brown.cs.abeckrui.mockaroo,MockPerson,37,0,0,0,10,0,2,0,2,0
stars,edu.brown.cs.abeckrui,Kdtree,0,106,0,8,0,22,0,7,0,3
stars,edu.brown.cs.abeckrui,Repl,92,0,8,0,26,0,7,0,3,0
stars,edu.brown.cs.abeckrui,Csv,107,114,29,15,27,29,20,4,0,2
stars,edu.brown.cs.abeckrui,CoordinateComparator,0,38,0,4,0,10,0,4,0,2
stars,edu.brown.cs.abeckrui,Node,17,32,5,1,7,13,5,6,2,6
