<?xml version="1.0" encoding="UTF-8" standalone="yes"?><!DOCTYPE report PUBLIC "-//JACOCO//DTD Report 1.1//EN" "report.dtd"><report name="stars"><sessioninfo id="andress-mbp.devices.brown.edu-230a7e38" start="1612059983736" dump="1612059984150"/><sessioninfo id="andress-mbp.devices.brown.edu-b9d86b20" start="1612064256323" dump="1612064256726"/><sessioninfo id="andress-mbp.devices.brown.edu-a6fd7c1f" start="1612332185879" dump="1612332186324"/><sessioninfo id="andress-mbp.devices.brown.edu-dc2f1862" start="1612332379743" dump="1612332380153"/><sessioninfo id="andress-mbp.devices.brown.edu-6266470d" start="1612334021770" dump="1612334022205"/><sessioninfo id="andress-mbp.devices.brown.edu-2cffe677" start="1612334226060" dump="1612334226499"/><sessioninfo id="andress-mbp.devices.brown.edu-cb171474" start="1612335589653" dump="1612335590070"/><sessioninfo id="andress-mbp.devices.brown.edu-54816c91" start="1612335763311" dump="1612335763734"/><sessioninfo id="andress-mbp.devices.brown.edu-c86f996a" start="1612335978825" dump="1612335979247"/><sessioninfo id="andress-mbp.devices.brown.edu-e5d934ff" start="1612336127499" dump="1612336127905"/><sessioninfo id="andress-mbp.devices.brown.edu-d55c49cb" start="1612336157654" dump="1612336158065"/><sessioninfo id="andress-mbp.devices.brown.edu-f3a927d" start="1612337883192" dump="1612337883605"/><sessioninfo id="andress-mbp.devices.brown.edu-173b7539" start="1612409479746" dump="1612409480193"/><sessioninfo id="andress-mbp.devices.brown.edu-213519b4" start="1612422043485" dump="1612422043942"/><sessioninfo id="andress-mbp.devices.brown.edu-2b065de5" start="1612422070200" dump="1612422070633"/><sessioninfo id="andress-mbp.devices.brown.edu-8fd72b43" start="1612422169453" dump="1612422169895"/><sessioninfo id="andress-mbp.devices.brown.edu-27c4288a" start="1612422241781" dump="1612422242206"/><sessioninfo id="andress-mbp.devices.brown.edu-8937b69" start="1612422310205" dump="1612422310638"/><sessioninfo id="andress-mbp.devices.brown.edu-36e446bb" start="1612422532979" dump="1612422533415"/><sessioninfo id="andress-mbp.devices.brown.edu-fa7dccec" start="1612422795113" dump="1612422795543"/><sessioninfo id="andress-mbp.devices.brown.edu-5aaa6867" start="1612422898810" dump="1612422899281"/><sessioninfo id="andress-mbp.devices.brown.edu-b173abba" start="1612423134287" dump="1612423134728"/><sessioninfo id="andress-mbp.devices.brown.edu-1c289ffc" start="1612423163183" dump="1612423163606"/><sessioninfo id="andress-mbp.devices.brown.edu-d15231cb" start="1612423219372" dump="1612423219803"/><sessioninfo id="andress-mbp.devices.brown.edu-dc6019d9" start="1612423284336" dump="1612423284767"/><sessioninfo id="andress-mbp.devices.brown.edu-a54a0340" start="1612423440895" dump="1612423441315"/><sessioninfo id="andress-mbp.devices.brown.edu-aab32e04" start="1612423503322" dump="1612423503741"/><sessioninfo id="andress-mbp.devices.brown.edu-77f0ad0b" start="1612423603516" dump="1612423603929"/><sessioninfo id="andress-mbp.devices.brown.edu-57613f3e" start="1612423719886" dump="1612423720295"/><sessioninfo id="andress-mbp.devices.brown.edu-9fd72829" start="1612423769071" dump="1612423769474"/><sessioninfo id="andress-mbp.devices.brown.edu-85505fa2" start="1612424288119" dump="1612424288552"/><sessioninfo id="andress-mbp.devices.brown.edu-ca86ef1b" start="1612424791638" dump="1612424792080"/><sessioninfo id="andress-mbp.devices.brown.edu-ef24941f" start="1612424966288" dump="1612424966726"/><sessioninfo id="andress-mbp.devices.brown.edu-82e94786" start="1612425069166" dump="1612425069587"/><sessioninfo id="andress-mbp.devices.brown.edu-a3f701e" start="1612425292823" dump="1612425293255"/><sessioninfo id="andress-mbp.devices.brown.edu-2c1a1eed" start="1612425355415" dump="1612425355837"/><sessioninfo id="andress-mbp.devices.brown.edu-ccdb6bc5" start="1612425484986" dump="1612425485427"/><sessioninfo id="andress-mbp.devices.brown.edu-1e4fe552" start="1612425504509" dump="1612425505088"/><sessioninfo id="andress-mbp.devices.brown.edu-56c39b35" start="1612501613326" dump="1612501613922"/><sessioninfo id="andress-mbp.devices.brown.edu-a5576c4d" start="1612501907285" dump="1612501907773"/><sessioninfo id="andress-mbp.devices.brown.edu-b43bba3c" start="1612501957992" dump="1612501958492"/><sessioninfo id="andress-mbp.devices.brown.edu-a249006c" start="1612581383181" dump="1612581383665"/><sessioninfo id="andress-mbp.devices.brown.edu-fd40dcfe" start="1612582669333" dump="1612582669797"/><sessioninfo id="andress-mbp.devices.brown.edu-1bb8c552" start="1612584948056" dump="1612584948531"/><sessioninfo id="andress-mbp.devices.brown.edu-dc593d4" start="1612585419424" dump="1612585419853"/><sessioninfo id="andress-mbp.devices.brown.edu-53ef5b4f" start="1612585837563" dump="1612585838058"/><sessioninfo id="andress-mbp.devices.brown.edu-3de4b013" start="1612592810769" dump="1612592811228"/><sessioninfo id="andress-mbp.devices.brown.edu-30df1322" start="1612598769348" dump="1612598769811"/><sessioninfo id="andress-mbp.devices.brown.edu-3386bda1" start="1612599226315" dump="1612599226786"/><sessioninfo id="andress-mbp.devices.brown.edu-202cf5dd" start="1612599861232" dump="1612599861694"/><sessioninfo id="andress-mbp.devices.brown.edu-d96ae10f" start="1612599939601" dump="1612599940032"/><sessioninfo id="andress-mbp.devices.brown.edu-a3537afd" start="1612600050701" dump="1612600051140"/><sessioninfo id="andress-mbp.devices.brown.edu-9b30201d" start="1612600197368" dump="1612600197798"/><sessioninfo id="andress-mbp.devices.brown.edu-97f1065f" start="1612632776789" dump="1612632777269"/><sessioninfo id="andress-mbp.devices.brown.edu-bb1a89f7" start="1612632928504" dump="1612632928941"/><sessioninfo id="andress-mbp.devices.brown.edu-dd1d8121" start="1612633236292" dump="1612633236726"/><sessioninfo id="andress-mbp.devices.brown.edu-39e8d850" start="1612633461200" dump="1612633461678"/><sessioninfo id="andress-mbp.devices.brown.edu-b5271fc2" start="1612637778671" dump="1612637779366"/><sessioninfo id="andress-mbp.devices.brown.edu-3a03a07a" start="1612637932055" dump="1612637932489"/><sessioninfo id="andress-mbp.devices.brown.edu-1f5a806e" start="1612638324600" dump="1612638325041"/><sessioninfo id="andress-mbp.devices.brown.edu-76600b88" start="1612638367060" dump="1612638367476"/><sessioninfo id="andress-mbp.devices.brown.edu-122578ff" start="1612638755503" dump="1612638755946"/><sessioninfo id="andress-mbp.devices.brown.edu-840ab202" start="1612638821837" dump="1612638822264"/><sessioninfo id="andress-mbp.devices.brown.edu-ab7ebd02" start="1612642071407" dump="1612642071869"/><sessioninfo id="andress-mbp.devices.brown.edu-96cbd339" start="1612642531955" dump="1612642532415"/><sessioninfo id="andress-mbp.devices.brown.edu-282949a3" start="1612643062363" dump="1612643062833"/><sessioninfo id="andress-mbp.devices.brown.edu-30bce43b" start="1612643140364" dump="1612643140821"/><sessioninfo id="andress-mbp.devices.brown.edu-314df1dd" start="1612643473782" dump="1612643474225"/><sessioninfo id="andress-mbp.devices.brown.edu-356ecb7a" start="1612643843563" dump="1612643843996"/><sessioninfo id="andress-mbp.devices.brown.edu-b44f7d5f" start="1612648503493" dump="1612648503946"/><sessioninfo id="andress-mbp.devices.brown.edu-b04330ca" start="1612648531045" dump="1612648531486"/><sessioninfo id="andress-mbp.devices.brown.edu-d56137d1" start="1612661307058" dump="1612661307574"/><sessioninfo id="andress-mbp.devices.brown.edu-2e24b1fd" start="1612661411910" dump="1612661412359"/><sessioninfo id="andress-mbp.devices.brown.edu-94288383" start="1612661563383" dump="1612661563836"/><sessioninfo id="andress-mbp.devices.brown.edu-19001c7" start="1612661836807" dump="1612661837253"/><sessioninfo id="andress-mbp.devices.brown.edu-648233ab" start="1612661943665" dump="1612661944106"/><sessioninfo id="andress-mbp.devices.brown.edu-6c2a8568" start="1612662340586" dump="1612662341041"/><sessioninfo id="andress-mbp.devices.brown.edu-1b7f66f3" start="1612662640279" dump="1612662640716"/><sessioninfo id="andress-mbp.devices.brown.edu-78fce411" start="1612662835184" dump="1612662835646"/><sessioninfo id="andress-mbp.devices.brown.edu-ea7e3929" start="1612662844568" dump="1612662845004"/><sessioninfo id="andress-mbp.devices.brown.edu-126fe019" start="1612662895421" dump="1612662895862"/><sessioninfo id="andress-mbp.devices.brown.edu-602e2edf" start="1612662922936" dump="1612662923363"/><sessioninfo id="andress-mbp.devices.brown.edu-c442a492" start="1612662931337" dump="1612662931746"/><sessioninfo id="andress-mbp.devices.brown.edu-d98c1597" start="1612662939024" dump="1612662939452"/><sessioninfo id="andress-mbp.devices.brown.edu-a7d68832" start="1612664007947" dump="1612664008443"/><sessioninfo id="andress-mbp.devices.brown.edu-16e61cdd" start="1612664190954" dump="1612664191397"/><sessioninfo id="andress-mbp.devices.brown.edu-5a8dc696" start="1612664306265" dump="1612664306768"/><sessioninfo id="andress-mbp.devices.brown.edu-12480f2e" start="1612664444324" dump="1612664444878"/><sessioninfo id="andress-mbp.devices.brown.edu-5db0c05" start="1612672114618" dump="1612672115043"/><sessioninfo id="andress-mbp.devices.brown.edu-dd070666" start="1612672158453" dump="1612672158890"/><sessioninfo id="andress-mbp.devices.brown.edu-ae20df49" start="1612672926788" dump="1612672927237"/><sessioninfo id="andress-mbp.devices.brown.edu-504ec9b1" start="1612763061789" dump="1612763062239"/><sessioninfo id="andress-mbp.devices.brown.edu-16dbdb80" start="1612763400243" dump="1612763400825"/><sessioninfo id="andress-mbp.devices.brown.edu-af388add" start="1612763411918" dump="1612763412335"/><sessioninfo id="andress-mbp.devices.brown.edu-977e388c" start="1612763507527" dump="1612763507921"/><sessioninfo id="andress-mbp.devices.brown.edu-b668009" start="1612763587788" dump="1612763588185"/><sessioninfo id="andress-mbp.devices.brown.edu-34b4eba" start="1612763731420" dump="1612763731850"/><sessioninfo id="andress-mbp.devices.brown.edu-60f7d51c" start="1612797473807" dump="1612797474438"/><sessioninfo id="andress-mbp.devices.brown.edu-3b46f6b4" start="1612850266004" dump="1612850266686"/><sessioninfo id="andress-mbp.devices.brown.edu-fab48cf" start="1612851208674" dump="1612851209128"/><sessioninfo id="andress-mbp.devices.brown.edu-15dd9e2e" start="1612851524408" dump="1612851524875"/><sessioninfo id="andress-mbp.devices.brown.edu-74c92b47" start="1612851886399" dump="1612851886843"/><sessioninfo id="andress-mbp.devices.brown.edu-720c1a8f" start="1612852879375" dump="1612852879833"/><sessioninfo id="andress-mbp.devices.brown.edu-67acfcbf" start="1612853108144" dump="1612853108585"/><sessioninfo id="andress-mbp.devices.brown.edu-34e59c63" start="1612853988306" dump="1612853988736"/><sessioninfo id="andress-mbp.devices.brown.edu-56fde06e" start="1612854455298" dump="1612854455730"/><sessioninfo id="andress-mbp.devices.brown.edu-b38df127" start="1612855277477" dump="1612855277928"/><sessioninfo id="andress-mbp.devices.brown.edu-f453681a" start="1612855366497" dump="1612855366915"/><sessioninfo id="andress-mbp.devices.brown.edu-b98eaed4" start="1612855527684" dump="1612855528111"/><sessioninfo id="andress-mbp.devices.brown.edu-9d7a0f40" start="1612855590322" dump="1612855590724"/><sessioninfo id="andress-mbp.devices.brown.edu-6af7e239" start="1612855633842" dump="1612855634254"/><sessioninfo id="andress-mbp.devices.brown.edu-bec168a6" start="1612855789716" dump="1612855790142"/><sessioninfo id="andress-mbp.devices.brown.edu-188ffa9d" start="1612855899920" dump="1612855900362"/><sessioninfo id="andress-mbp.devices.brown.edu-c5b4785d" start="1612855960310" dump="1612855960720"/><sessioninfo id="andress-mbp.devices.brown.edu-ed98f88c" start="1612856884305" dump="1612856884756"/><sessioninfo id="andress-mbp.devices.brown.edu-f1df7294" start="1612856984978" dump="1612856985406"/><sessioninfo id="andress-mbp.devices.brown.edu-172c02ee" start="1612857018594" dump="1612857018997"/><sessioninfo id="andress-mbp.devices.brown.edu-d412d645" start="1612857053043" dump="1612857053472"/><sessioninfo id="andress-mbp.devices.brown.edu-6d6e087" start="1612857103341" dump="1612857103757"/><sessioninfo id="andress-mbp.devices.brown.edu-ae14889d" start="1612857144028" dump="1612857144480"/><sessioninfo id="andress-mbp.devices.brown.edu-e9476dc8" start="1612857193555" dump="1612857194004"/><sessioninfo id="andress-mbp.devices.brown.edu-e8460998" start="1612857211515" dump="1612857211949"/><sessioninfo id="andress-mbp.devices.brown.edu-6f639351" start="1612857237563" dump="1612857237991"/><sessioninfo id="andress-mbp.devices.brown.edu-f53183d6" start="1612857504303" dump="1612857504754"/><sessioninfo id="andress-mbp.devices.brown.edu-bd44bff7" start="1612858722167" dump="1612858722608"/><sessioninfo id="andress-mbp.devices.brown.edu-2071f5e6" start="1612858765003" dump="1612858765444"/><sessioninfo id="andress-mbp.devices.brown.edu-61504764" start="1612905447741" dump="1612905448268"/><sessioninfo id="andress-mbp.devices.brown.edu-98c736c6" start="1612925328960" dump="1612925329437"/><sessioninfo id="andress-mbp.devices.brown.edu-7fef99b4" start="1612936926860" dump="1612936927308"/><sessioninfo id="andress-mbp.devices.brown.edu-244c0e66" start="1612938891134" dump="1612938891588"/><sessioninfo id="andress-mbp.devices.brown.edu-d6ff09b8" start="1612939124987" dump="1612939125492"/><sessioninfo id="andress-mbp.devices.brown.edu-ad10e558" start="1612940412685" dump="1612940413118"/><sessioninfo id="andress-mbp.devices.brown.edu-dd0fcb58" start="1612941071350" dump="1612941071779"/><sessioninfo id="andress-mbp.devices.brown.edu-21b4d140" start="1612942002010" dump="1612942002451"/><sessioninfo id="andress-mbp.devices.brown.edu-293ddab" start="1612942091228" dump="1612942091634"/><sessioninfo id="andress-mbp.devices.brown.edu-7ce9d80a" start="1612985939852" dump="1612985940478"/><sessioninfo id="andress-mbp.devices.brown.edu-243a07dc" start="1612995867582" dump="1612995868093"/><sessioninfo id="andress-mbp.devices.brown.edu-6d543f16" start="1612996214192" dump="1612996214755"/><sessioninfo id="andress-mbp.devices.brown.edu-9cc2b94e" start="1613015980214" dump="1613015980694"/><sessioninfo id="andress-mbp.devices.brown.edu-7e93c07" start="1613016604757" dump="1613016605187"/><sessioninfo id="andress-mbp.devices.brown.edu-28c40320" start="1613016633499" dump="1613016633954"/><sessioninfo id="andress-mbp.devices.brown.edu-374076d1" start="1613016696465" dump="1613016696906"/><sessioninfo id="andress-mbp.devices.brown.edu-3d655f4a" start="1613016804728" dump="1613016805202"/><sessioninfo id="andress-mbp.devices.brown.edu-9e38e51f" start="1613026758511" dump="1613026759157"/><sessioninfo id="andress-mbp.devices.brown.edu-ac26f307" start="1613026870954" dump="1613026871387"/><sessioninfo id="andress-mbp.devices.brown.edu-2fab495e" start="1613083586125" dump="1613083586634"/><sessioninfo id="andress-mbp.devices.brown.edu-d3208c28" start="1613084498608" dump="1613084499035"/><sessioninfo id="andress-mbp.devices.brown.edu-578b4ef" start="1613108923286" dump="1613108923848"/><sessioninfo id="andress-mbp.devices.brown.edu-daa395ef" start="1613115724764" dump="1613115725229"/><sessioninfo id="andress-mbp.devices.brown.edu-c888a971" start="1613116046908" dump="1613116047360"/><sessioninfo id="andress-mbp.devices.brown.edu-4664bdfd" start="1613161337781" dump="1613161338247"/><sessioninfo id="andress-mbp.devices.brown.edu-4fd51273" start="1613163705079" dump="1613163705542"/><sessioninfo id="andress-mbp.devices.brown.edu-efae123c" start="1613163767461" dump="1613163767891"/><sessioninfo id="andress-mbp.devices.brown.edu-eb4c10f0" start="1613164125594" dump="1613164126025"/><sessioninfo id="andress-mbp.devices.brown.edu-6de4ea54" start="1613170675772" dump="1613170676233"/><sessioninfo id="andress-mbp.devices.brown.edu-67118ffa" start="1613180899824" dump="1613180900296"/><sessioninfo id="andress-mbp.devices.brown.edu-b5ba8f07" start="1613183909951" dump="1613183910400"/><sessioninfo id="andress-mbp.devices.brown.edu-5867c49f" start="1613184001531" dump="1613184001959"/><sessioninfo id="andress-mbp.devices.brown.edu-7e92349c" start="1613184065690" dump="1613184066126"/><sessioninfo id="andress-mbp.devices.brown.edu-8fb952e1" start="1613184180897" dump="1613184181314"/><sessioninfo id="andress-mbp.devices.brown.edu-bf11075d" start="1613184231398" dump="1613184231816"/><sessioninfo id="andress-mbp.devices.brown.edu-f72457bf" start="1613184319643" dump="1613184320069"/><sessioninfo id="andress-mbp.devices.brown.edu-bd48d30e" start="1613184384789" dump="1613184385215"/><sessioninfo id="andress-mbp.devices.brown.edu-29b89c7c" start="1613184561389" dump="1613184561834"/><sessioninfo id="andress-mbp.devices.brown.edu-d12198eb" start="1613185207275" dump="1613185207706"/><sessioninfo id="andress-mbp.devices.brown.edu-8d2eb396" start="1613185278257" dump="1613185278669"/><sessioninfo id="andress-mbp.devices.brown.edu-fb66b468" start="1613185304474" dump="1613185304914"/><sessioninfo id="andress-mbp.devices.brown.edu-5e0dc0b2" start="1613185599018" dump="1613185599453"/><sessioninfo id="andress-mbp.devices.brown.edu-e099138b" start="1613185645465" dump="1613185645893"/><sessioninfo id="andress-mbp.devices.brown.edu-d079a025" start="1613252224803" dump="1613252225573"/><sessioninfo id="andress-mbp.devices.brown.edu-e248a180" start="1613258133688" dump="1613258135553"/><sessioninfo id="andress-mbp.devices.brown.edu-2948b447" start="1613268557860" dump="1613268563196"/><sessioninfo id="andress-mbp.devices.brown.edu-127fcfb5" start="1613268851954" dump="1613268855111"/><sessioninfo id="andress-mbp.devices.brown.edu-f5111e42" start="1613268867884" dump="1613268870382"/><sessioninfo id="andress-mbp.devices.brown.edu-e8eac2f4" start="1613270783315" dump="1613270787474"/><sessioninfo id="andress-mbp.devices.brown.edu-c27bc121" start="1613270873579" dump="1613270876680"/><sessioninfo id="andress-mbp.devices.brown.edu-bf48f60f" start="1613271056272" dump="1613271102915"/><sessioninfo id="andress-mbp.devices.brown.edu-86d95271" start="1613271107468" dump="1613271114780"/><sessioninfo id="andress-mbp.devices.brown.edu-8134d44e" start="1613271172381" dump="1613271185319"/><sessioninfo id="andress-mbp.devices.brown.edu-16a4330c" start="1613271190671" dump="1613271231751"/><sessioninfo id="andress-mbp.devices.brown.edu-8d9a8dc1" start="1613271471279" dump="1613271494770"/><sessioninfo id="andress-mbp.devices.brown.edu-b8499ecd" start="1613271499559" dump="1613271504892"/><sessioninfo id="andress-mbp.devices.brown.edu-f2803dfe" start="1613271715646" dump="1613271820667"/><sessioninfo id="andress-mbp.devices.brown.edu-e3abfb6f" start="1613272066301" dump="1613272069086"/><sessioninfo id="andress-mbp.devices.brown.edu-83745a8a" start="1613272080571" dump="1613272083146"/><sessioninfo id="andress-mbp.devices.brown.edu-118ec93d" start="1613272089709" dump="1613272092510"/><sessioninfo id="andress-mbp.devices.brown.edu-304107ee" start="1613273237354" dump="1613273240617"/><sessioninfo id="andress-mbp.devices.brown.edu-262bd553" start="1613274153576" dump="1613274156663"/><sessioninfo id="andress-mbp.devices.brown.edu-88698d2c" start="1613274262392" dump="1613274265181"/><sessioninfo id="andress-mbp.devices.brown.edu-eb1d9248" start="1613274752343" dump="1613274755692"/><sessioninfo id="andress-mbp.devices.brown.edu-fb6ea4bd" start="1613274795148" dump="1613274798253"/><sessioninfo id="andress-mbp.devices.brown.edu-29657028" start="1613274880022" dump="1613274883152"/><sessioninfo id="andress-mbp.devices.brown.edu-9b955eb5" start="1613274981734" dump="1613274985446"/><sessioninfo id="andress-mbp.devices.brown.edu-d8f0f1ea" start="1613275302763" dump="1613275305393"/><sessioninfo id="andress-mbp.devices.brown.edu-ac2bc413" start="1613275643559" dump="1613275646571"/><sessioninfo id="andress-mbp.devices.brown.edu-5526badd" start="1613275687937" dump="1613275691182"/><sessioninfo id="andress-mbp.devices.brown.edu-a0ecd1d5" start="1613275891588" dump="1613275894373"/><sessioninfo id="andress-mbp.devices.brown.edu-28411075" start="1613275914265" dump="1613275916968"/><sessioninfo id="andress-mbp.devices.brown.edu-92e41024" start="1613276623991" dump="1613276627338"/><sessioninfo id="andress-mbp.devices.brown.edu-cc113ab3" start="1613276729766" dump="1613276733164"/><sessioninfo id="andress-mbp.devices.brown.edu-43c188e9" start="1613276859356" dump="1613276862766"/><sessioninfo id="andress-mbp.devices.brown.edu-19038f5" start="1613277282273" dump="1613277285632"/><sessioninfo id="andress-mbp.devices.brown.edu-9ba8083e" start="1613277345952" dump="1613277348976"/><sessioninfo id="andress-mbp.devices.brown.edu-3f26bc96" start="1613277372389" dump="1613277375691"/><sessioninfo id="andress-mbp.devices.brown.edu-272fe0d3" start="1613277380774" dump="1613277383198"/><sessioninfo id="andress-mbp.devices.brown.edu-9700371e" start="1613277393199" dump="1613277479969"/><sessioninfo id="andress-mbp.devices.brown.edu-6bc6998f" start="1613277490931" dump="1613277524555"/><sessioninfo id="andress-mbp.devices.brown.edu-fc6fd41c" start="1613278043483" dump="1613278086718"/><sessioninfo id="andress-mbp.devices.brown.edu-e0f34b9d" start="1613278173370" dump="1613278175157"/><sessioninfo id="andress-mbp.devices.brown.edu-aad0f84" start="1613278601705" dump="1613278603378"/><sessioninfo id="andress-mbp.devices.brown.edu-b6de479e" start="1613278679658" dump="1613278680042"/><sessioninfo id="andress-mbp.devices.brown.edu-8eb0f24e" start="1613278925088" dump="1613278995369"/><sessioninfo id="andress-mbp.devices.brown.edu-c729b8a6" start="1613279036341" dump="1613279107533"/><sessioninfo id="andress-mbp.devices.brown.edu-b71b4e32" start="1613279757952" dump="1613279758384"/><sessioninfo id="andress-mbp.devices.brown.edu-f7114e06" start="1613279796622" dump="1613279797018"/><sessioninfo id="andress-mbp.devices.brown.edu-d5b3fdf0" start="1613280088287" dump="1613280088721"/><sessioninfo id="andress-mbp.devices.brown.edu-932242e0" start="1613280484227" dump="1613280484655"/><sessioninfo id="andress-mbp.devices.brown.edu-6dba6f47" start="1613280574360" dump="1613280574782"/><sessioninfo id="andress-mbp.devices.brown.edu-fc80c436" start="1613280755551" dump="1613280755975"/><sessioninfo id="andress-mbp.devices.brown.edu-8652ca9" start="1613280985165" dump="1613280985583"/><sessioninfo id="andress-mbp.devices.brown.edu-f6738277" start="1613281190141" dump="1613281251414"/><sessioninfo id="andress-mbp.devices.brown.edu-b14385eb" start="1613281667637" dump="1613281724159"/><sessioninfo id="andress-mbp.devices.brown.edu-643b0e63" start="1613281770678" dump="1613281832562"/><sessioninfo id="andress-mbp.devices.brown.edu-1a8565d7" start="1613285073716" dump="1613285074167"/><sessioninfo id="andress-mbp.devices.brown.edu-b1a3260f" start="1613285160382" dump="1613285161242"/><sessioninfo id="andress-mbp.devices.brown.edu-abba3a43" start="1613288236354" dump="1613288236795"/><sessioninfo id="andress-mbp.devices.brown.edu-1048cc83" start="1613288293343" dump="1613288293798"/><sessioninfo id="andress-mbp.devices.brown.edu-55d20fc5" start="1613288466772" dump="1613288467239"/><sessioninfo id="andress-mbp.devices.brown.edu-210f01dc" start="1613288597653" dump="1613288599619"/><sessioninfo id="andress-mbp.devices.brown.edu-e0caf3dd" start="1613288688985" dump="1613288691684"/><sessioninfo id="andress-mbp.devices.brown.edu-d15be32c" start="1613288749951" dump="1613288752239"/><sessioninfo id="andress-mbp.devices.brown.edu-13b0b955" start="1613288843773" dump="1613288846136"/><sessioninfo id="andress-mbp.devices.brown.edu-5531f660" start="1613289656315" dump="1613289659756"/><sessioninfo id="andress-mbp.devices.brown.edu-c2fdf36a" start="1613289691177" dump="1613289696425"/><sessioninfo id="andress-mbp.devices.brown.edu-cf3b0208" start="1613289753843" dump="1613289759533"/><sessioninfo id="andress-mbp.devices.brown.edu-3e820075" start="1613289804844" dump="1613289811433"/><sessioninfo id="andress-mbp.devices.brown.edu-2157a5e7" start="1613289830652" dump="1613289837194"/><sessioninfo id="andress-mbp.devices.brown.edu-44442909" start="1613289999611" dump="1613290065728"/><package name="edu/brown/cs/abeckrui/stars"><class name="edu/brown/cs/abeckrui/stars/Main$FrontHandler" sourcefilename="Main.java"><method name="handle" desc="(Lspark/Request;Lspark/Response;)Lspark/ModelAndView;" line="102"><counter type="INSTRUCTION" missed="12" covered="0"/><counter type="LINE" missed="2" covered="0"/><counter type="COMPLEXITY" missed="1" covered="0"/><counter type="METHOD" missed="1" covered="0"/></method><counter type="INSTRUCTION" missed="12" covered="0"/><counter type="LINE" missed="2" covered="0"/><counter type="COMPLEXITY" missed="1" covered="0"/><counter type="METHOD" missed="1" covered="0"/><counter type="CLASS" missed="1" covered="0"/></class><class name="edu/brown/cs/abeckrui/stars/Main$RadiusSubmitHandler" sourcefilename="Main.java"><method name="handle" desc="(Lspark/Request;Lspark/Response;)Lspark/ModelAndView;" line="145"><counter type="INSTRUCTION" missed="73" covered="0"/><counter type="BRANCH" missed="6" covered="0"/><counter type="LINE" missed="16" covered="0"/><counter type="COMPLEXITY" missed="4" covered="0"/><counter type="METHOD" missed="1" covered="0"/></method><counter type="INSTRUCTION" missed="73" covered="0"/><counter type="BRANCH" missed="6" covered="0"/><counter type="LINE" missed="16" covered="0"/><counter type="COMPLEXITY" missed="4" covered="0"/><counter type="METHOD" missed="1" covered="0"/><counter type="CLASS" missed="1" covered="0"/></class><class name="edu/brown/cs/abeckrui/stars/StarsLogic" sourcefilename="StarsLogic.java"><method name="&lt;init&gt;" desc="()V" line="22"><counter type="INSTRUCTION" missed="0" covered="8"/><counter type="LINE" missed="0" covered="3"/><counter type="COMPLEXITY" missed="0" covered="1"/><counter type="METHOD" missed="0" covered="1"/></method><method name="run" desc="([Ljava/lang/String;)Ljava/util/List;" line="29"><counter type="INSTRUCTION" missed="4" covered="43"/><counter type="BRANCH" missed="1" covered="5"/><counter type="LINE" missed="2" covered="13"/><counter type="COMPLEXITY" missed="1" covered="5"/><counter type="METHOD" missed="0" covered="1"/></method><method name="parseCSV" desc="([Ljava/lang/String;)V" line="56"><counter type="INSTRUCTION" missed="7" covered="113"/><counter type="BRANCH" missed="3" covered="5"/><counter type="LINE" missed="2" covered="17"/><counter type="COMPLEXITY" missed="3" covered="2"/><counter type="METHOD" missed="0" covered="1"/></method><method name="calculateDistance" desc="(DDDDDD)D" line="99"><counter type="INSTRUCTION" missed="0" covered="19"/><counter type="LINE" missed="0" covered="1"/><counter type="COMPLEXITY" missed="0" covered="1"/><counter type="METHOD" missed="0" covered="1"/></method><method name="checkCommandNeighbors" desc="([Ljava/lang/String;)Ljava/lang/String;" line="109"><counter type="INSTRUCTION" missed="0" covered="115"/><counter type="BRANCH" missed="2" covered="20"/><counter type="LINE" missed="0" covered="31"/><counter type="COMPLEXITY" missed="2" covered="10"/><counter type="METHOD" missed="0" covered="1"/></method><method name="checkCommandRadius" desc="([Ljava/lang/String;)Ljava/lang/String;" line="166"><counter type="INSTRUCTION" missed="11" covered="104"/><counter type="BRANCH" missed="3" covered="19"/><counter type="LINE" missed="5" covered="26"/><counter type="COMPLEXITY" missed="3" covered="9"/><counter type="METHOD" missed="0" covered="1"/></method><method name="naiveNeighbors" desc="([Ljava/lang/String;)Ljava/util/List;" line="220"><counter type="INSTRUCTION" missed="2" covered="331"/><counter type="BRANCH" missed="1" covered="29"/><counter type="LINE" missed="1" covered="65"/><counter type="COMPLEXITY" missed="1" covered="15"/><counter type="METHOD" missed="0" covered="1"/></method><method name="naiveRadius" desc="([Ljava/lang/String;)Ljava/util/List;" line="325"><counter type="INSTRUCTION" missed="0" covered="308"/><counter type="BRANCH" missed="0" covered="26"/><counter type="LINE" missed="0" covered="59"/><counter type="COMPLEXITY" missed="0" covered="14"/><counter type="METHOD" missed="0" covered="1"/></method><method name="neighbors" desc="([Ljava/lang/String;)Ljava/util/List;" line="415"><counter type="INSTRUCTION" missed="8" covered="213"/><counter type="BRANCH" missed="2" covered="14"/><counter type="LINE" missed="3" covered="38"/><counter type="COMPLEXITY" missed="2" covered="7"/><counter type="METHOD" missed="0" covered="1"/></method><method name="neighborsHelper" desc="(ZLjava/lang/String;ILedu/brown/cs/abeckrui/CordComparable;ILjava/util/PriorityQueue;Ledu/brown/cs/abeckrui/Node;)V" line="486"><counter type="INSTRUCTION" missed="9" covered="234"/><counter type="BRANCH" missed="3" covered="29"/><counter type="LINE" missed="2" covered="44"/><counter type="COMPLEXITY" missed="3" covered="14"/><counter type="METHOD" missed="0" covered="1"/></method><method name="radius" desc="([Ljava/lang/String;)Ljava/util/List;" line="567"><counter type="INSTRUCTION" missed="6" covered="213"/><counter type="BRANCH" missed="1" covered="13"/><counter type="LINE" missed="2" covered="37"/><counter type="COMPLEXITY" missed="1" covered="7"/><counter type="METHOD" missed="0" covered="1"/></method><method name="radiusHelper" desc="(ZLjava/lang/String;DLedu/brown/cs/abeckrui/CordComparable;ILjava/util/PriorityQueue;Ledu/brown/cs/abeckrui/Node;)V" line="635"><counter type="INSTRUCTION" missed="0" covered="141"/><counter type="BRANCH" missed="1" covered="17"/><counter type="LINE" missed="0" covered="26"/><counter type="COMPLEXITY" missed="1" covered="9"/><counter type="METHOD" missed="0" covered="1"/></method><method name="checkData" desc="([Ljava/lang/String;)Z" line="681"><counter type="INSTRUCTION" missed="22" covered="36"/><counter type="BRANCH" missed="2" covered="8"/><counter type="LINE" missed="10" covered="10"/><counter type="COMPLEXITY" missed="2" covered="4"/><counter type="METHOD" missed="0" covered="1"/></method><method name="buildTree" desc="()V" line="715"><counter type="INSTRUCTION" missed="4" covered="38"/><counter type="BRANCH" missed="2" covered="4"/><counter type="LINE" missed="2" covered="6"/><counter type="COMPLEXITY" missed="2" covered="2"/><counter type="METHOD" missed="0" covered="1"/></method><method name="getStars" desc="()Ljava/util/List;" line="732"><counter type="INSTRUCTION" missed="0" covered="3"/><counter type="LINE" missed="0" covered="1"/><counter type="COMPLEXITY" missed="0" covered="1"/><counter type="METHOD" missed="0" covered="1"/></method><counter type="INSTRUCTION" missed="73" covered="1919"/><counter type="BRANCH" missed="21" covered="189"/><counter type="LINE" missed="29" covered="377"/><counter type="COMPLEXITY" missed="21" covered="101"/><counter type="METHOD" missed="0" covered="15"/><counter type="CLASS" missed="0" covered="1"/></class><class name="edu/brown/cs/abeckrui/stars/Main$NeighborsSubmitHandler" sourcefilename="Main.java"><method name="handle" desc="(Lspark/Request;Lspark/Response;)Lspark/ModelAndView;" line="114"><counter type="INSTRUCTION" missed="73" covered="0"/><counter type="BRANCH" missed="6" covered="0"/><counter type="LINE" missed="16" covered="0"/><counter type="COMPLEXITY" missed="4" covered="0"/><counter type="METHOD" missed="1" covered="0"/></method><counter type="INSTRUCTION" missed="73" covered="0"/><counter type="BRANCH" missed="6" covered="0"/><counter type="LINE" missed="16" covered="0"/><counter type="COMPLEXITY" missed="4" covered="0"/><counter type="METHOD" missed="1" covered="0"/><counter type="CLASS" missed="1" covered="0"/></class><class name="edu/brown/cs/abeckrui/stars/Star" sourcefilename="Star.java"><method name="&lt;init&gt;" desc="(ILjava/lang/String;DDD)V" line="17"><counter type="INSTRUCTION" missed="0" covered="18"/><counter type="LINE" missed="0" covered="7"/><counter type="COMPLEXITY" missed="0" covered="1"/><counter type="METHOD" missed="0" covered="1"/></method><method name="getCoordinate" desc="(I)D" line="32"><counter type="INSTRUCTION" missed="0" covered="18"/><counter type="BRANCH" missed="0" covered="4"/><counter type="LINE" missed="0" covered="5"/><counter type="COMPLEXITY" missed="0" covered="3"/><counter type="METHOD" missed="0" covered="1"/></method><method name="getInfo" desc="()Ljava/util/List;" line="45"><counter type="INSTRUCTION" missed="0" covered="17"/><counter type="LINE" missed="0" covered="4"/><counter type="COMPLEXITY" missed="0" covered="1"/><counter type="METHOD" missed="0" covered="1"/></method><method name="getID" desc="()I" line="57"><counter type="INSTRUCTION" missed="0" covered="3"/><counter type="LINE" missed="0" covered="1"/><counter type="COMPLEXITY" missed="0" covered="1"/><counter type="METHOD" missed="0" covered="1"/></method><method name="getName" desc="()Ljava/lang/String;" line="65"><counter type="INSTRUCTION" missed="0" covered="3"/><counter type="LINE" missed="0" covered="1"/><counter type="COMPLEXITY" missed="0" covered="1"/><counter type="METHOD" missed="0" covered="1"/></method><method name="getX" desc="()D" line="73"><counter type="INSTRUCTION" missed="0" covered="3"/><counter type="LINE" missed="0" covered="1"/><counter type="COMPLEXITY" missed="0" covered="1"/><counter type="METHOD" missed="0" covered="1"/></method><method name="getY" desc="()D" line="81"><counter type="INSTRUCTION" missed="0" covered="3"/><counter type="LINE" missed="0" covered="1"/><counter type="COMPLEXITY" missed="0" covered="1"/><counter type="METHOD" missed="0" covered="1"/></method><method name="getZ" desc="()D" line="89"><counter type="INSTRUCTION" missed="0" covered="3"/><counter type="LINE" missed="0" covered="1"/><counter type="COMPLEXITY" missed="0" covered="1"/><counter type="METHOD" missed="0" covered="1"/></method><counter type="INSTRUCTION" missed="0" covered="68"/><counter type="BRANCH" missed="0" covered="4"/><counter type="LINE" missed="0" covered="21"/><counter type="COMPLEXITY" missed="0" covered="10"/><counter type="METHOD" missed="0" covered="8"/><counter type="CLASS" missed="0" covered="1"/></class><class name="edu/brown/cs/abeckrui/stars/Main" sourcefilename="Main.java"><method name="main" desc="([Ljava/lang/String;)V" line="35"><counter type="INSTRUCTION" missed="6" covered="0"/><counter type="LINE" missed="2" covered="0"/><counter type="COMPLEXITY" missed="1" covered="0"/><counter type="METHOD" missed="1" covered="0"/></method><method name="&lt;init&gt;" desc="([Ljava/lang/String;)V" line="40"><counter type="INSTRUCTION" missed="6" covered="0"/><counter type="LINE" missed="3" covered="0"/><counter type="COMPLEXITY" missed="1" covered="0"/><counter type="METHOD" missed="1" covered="0"/></method><method name="run" desc="()V" line="46"><counter type="INSTRUCTION" missed="86" covered="0"/><counter type="BRANCH" missed="2" covered="0"/><counter type="LINE" missed="19" covered="0"/><counter type="COMPLEXITY" missed="2" covered="0"/><counter type="METHOD" missed="1" covered="0"/></method><method name="createEngine" desc="()Lspark/template/freemarker/FreeMarkerEngine;" line="71"><counter type="INSTRUCTION" missed="31" covered="0"/><counter type="LINE" missed="8" covered="0"/><counter type="COMPLEXITY" missed="1" covered="0"/><counter type="METHOD" missed="1" covered="0"/></method><method name="runSparkServer" desc="(I)V" line="84"><counter type="INSTRUCTION" missed="30" covered="0"/><counter type="LINE" missed="8" covered="0"/><counter type="COMPLEXITY" missed="1" covered="0"/><counter type="METHOD" missed="1" covered="0"/></method><counter type="INSTRUCTION" missed="159" covered="0"/><counter type="BRANCH" missed="2" covered="0"/><counter type="LINE" missed="40" covered="0"/><counter type="COMPLEXITY" missed="6" covered="0"/><counter type="METHOD" missed="5" covered="0"/><counter type="CLASS" missed="1" covered="0"/></class><class name="edu/brown/cs/abeckrui/stars/Main$ExceptionPrinter" sourcefilename="Main.java"><method name="handle" desc="(Ljava/lang/Exception;Lspark/Request;Lspark/Response;)V" line="177"><counter type="INSTRUCTION" missed="26" covered="0"/><counter type="LINE" missed="8" covered="0"/><counter type="COMPLEXITY" missed="1" covered="0"/><counter type="METHOD" missed="1" covered="0"/></method><counter type="INSTRUCTION" missed="26" covered="0"/><counter type="LINE" missed="8" covered="0"/><counter type="COMPLEXITY" missed="1" covered="0"/><counter type="METHOD" missed="1" covered="0"/><counter type="CLASS" missed="1" covered="0"/></class><class name="edu/brown/cs/abeckrui/stars/PriorityComparator" sourcefilename="PriorityComparator.java"><method name="&lt;init&gt;" desc="(DDD)V" line="12"><counter type="INSTRUCTION" missed="0" covered="12"/><counter type="LINE" missed="0" covered="5"/><counter type="COMPLEXITY" missed="0" covered="1"/><counter type="METHOD" missed="0" covered="1"/></method><method name="compare" desc="(Ledu/brown/cs/abeckrui/CordComparable;Ledu/brown/cs/abeckrui/CordComparable;)I" line="20"><counter type="INSTRUCTION" missed="0" covered="64"/><counter type="BRANCH" missed="0" covered="4"/><counter type="LINE" missed="0" covered="13"/><counter type="COMPLEXITY" missed="0" covered="3"/><counter type="METHOD" missed="0" covered="1"/></method><counter type="INSTRUCTION" missed="0" covered="76"/><counter type="BRANCH" missed="0" covered="4"/><counter type="LINE" missed="0" covered="18"/><counter type="COMPLEXITY" missed="0" covered="4"/><counter type="METHOD" missed="0" covered="2"/><counter type="CLASS" missed="0" covered="1"/></class><sourcefile name="Star.java"><line nr="17" mi="0" ci="2" mb="0" cb="0"/><line nr="18" mi="0" ci="3" mb="0" cb="0"/><line nr="19" mi="0" ci="3" mb="0" cb="0"/><line nr="20" mi="0" ci="3" mb="0" cb="0"/><line nr="21" mi="0" ci="3" mb="0" cb="0"/><line nr="22" mi="0" ci="3" mb="0" cb="0"/><line nr="23" mi="0" ci="1" mb="0" cb="0"/><line nr="32" mi="0" ci="4" mb="0" cb="2"/><line nr="33" mi="0" ci="3" mb="0" cb="0"/><line nr="35" mi="0" ci="5" mb="0" cb="2"/><line nr="36" mi="0" ci="3" mb="0" cb="0"/><line nr="39" mi="0" ci="3" mb="0" cb="0"/><line nr="45" mi="0" ci="4" mb="0" cb="0"/><line nr="46" mi="0" ci="6" mb="0" cb="0"/><line nr="47" mi="0" ci="5" mb="0" cb="0"/><line nr="48" mi="0" ci="2" mb="0" cb="0"/><line nr="57" mi="0" ci="3" mb="0" cb="0"/><line nr="65" mi="0" ci="3" mb="0" cb="0"/><line nr="73" mi="0" ci="3" mb="0" cb="0"/><line nr="81" mi="0" ci="3" mb="0" cb="0"/><line nr="89" mi="0" ci="3" mb="0" cb="0"/><counter type="INSTRUCTION" missed="0" covered="68"/><counter type="BRANCH" missed="0" covered="4"/><counter type="LINE" missed="0" covered="21"/><counter type="COMPLEXITY" missed="0" covered="10"/><counter type="METHOD" missed="0" covered="8"/><counter type="CLASS" missed="0" covered="1"/></sourcefile><sourcefile name="PriorityComparator.java"><line nr="12" mi="0" ci="2" mb="0" cb="0"/><line nr="13" mi="0" ci="3" mb="0" cb="0"/><line nr="14" mi="0" ci="3" mb="0" cb="0"/><line nr="15" mi="0" ci="3" mb="0" cb="0"/><line nr="16" mi="0" ci="1" mb="0" cb="0"/><line nr="20" mi="0" ci="4" mb="0" cb="0"/><line nr="21" mi="0" ci="4" mb="0" cb="0"/><line nr="22" mi="0" ci="4" mb="0" cb="0"/><line nr="23" mi="0" ci="11" mb="0" cb="0"/><line nr="24" mi="0" ci="4" mb="0" cb="0"/><line nr="25" mi="0" ci="4" mb="0" cb="0"/><line nr="26" mi="0" ci="4" mb="0" cb="0"/><line nr="27" mi="0" ci="11" mb="0" cb="0"/><line nr="29" mi="0" ci="4" mb="0" cb="2"/><line nr="30" mi="0" ci="4" mb="0" cb="2"/><line nr="31" mi="0" ci="2" mb="0" cb="0"/><line nr="34" mi="0" ci="2" mb="0" cb="0"/><line nr="38" mi="0" ci="6" mb="0" cb="0"/><counter type="INSTRUCTION" missed="0" covered="76"/><counter type="BRANCH" missed="0" covered="4"/><counter type="LINE" missed="0" covered="18"/><counter type="COMPLEXITY" missed="0" covered="4"/><counter type="METHOD" missed="0" covered="2"/><counter type="CLASS" missed="0" covered="1"/></sourcefile><sourcefile name="Main.java"><line nr="35" mi="5" ci="0" mb="0" cb="0"/><line nr="36" mi="1" ci="0" mb="0" cb="0"/><line nr="40" mi="2" ci="0" mb="0" cb="0"/><line nr="41" mi="3" ci="0" mb="0" cb="0"/><line nr="42" mi="1" ci="0" mb="0" cb="0"/><line nr="46" mi="4" ci="0" mb="0" cb="0"/><line nr="47" mi="4" ci="0" mb="0" cb="0"/><line nr="48" mi="7" ci="0" mb="0" cb="0"/><line nr="49" mi="5" ci="0" mb="0" cb="0"/><line nr="50" mi="5" ci="0" mb="0" cb="0"/><line nr="52" mi="4" ci="0" mb="2" cb="0"/><line nr="53" mi="7" ci="0" mb="0" cb="0"/><line nr="57" mi="4" ci="0" mb="0" cb="0"/><line nr="58" mi="4" ci="0" mb="0" cb="0"/><line nr="59" mi="4" ci="0" mb="0" cb="0"/><line nr="60" mi="5" ci="0" mb="0" cb="0"/><line nr="61" mi="5" ci="0" mb="0" cb="0"/><line nr="62" mi="5" ci="0" mb="0" cb="0"/><line nr="63" mi="5" ci="0" mb="0" cb="0"/><line nr="64" mi="5" ci="0" mb="0" cb="0"/><line nr="65" mi="5" ci="0" mb="0" cb="0"/><line nr="66" mi="5" ci="0" mb="0" cb="0"/><line nr="67" mi="2" ci="0" mb="0" cb="0"/><line nr="68" mi="1" ci="0" mb="0" cb="0"/><line nr="71" mi="4" ci="0" mb="0" cb="0"/><line nr="72" mi="5" ci="0" mb="0" cb="0"/><line nr="74" mi="3" ci="0" mb="0" cb="0"/><line nr="75" mi="1" ci="0" mb="0" cb="0"/><line nr="76" mi="10" ci="0" mb="0" cb="0"/><line nr="78" mi="2" ci="0" mb="0" cb="0"/><line nr="79" mi="1" ci="0" mb="0" cb="0"/><line nr="80" mi="5" ci="0" mb="0" cb="0"/><line nr="84" mi="2" ci="0" mb="0" cb="0"/><line nr="85" mi="2" ci="0" mb="0" cb="0"/><line nr="86" mi="5" ci="0" mb="0" cb="0"/><line nr="88" mi="2" ci="0" mb="0" cb="0"/><line nr="91" mi="6" ci="0" mb="0" cb="0"/><line nr="92" mi="6" ci="0" mb="0" cb="0"/><line nr="93" mi="6" ci="0" mb="0" cb="0"/><line nr="94" mi="1" ci="0" mb="0" cb="0"/><line nr="102" mi="6" ci="0" mb="0" cb="0"/><line nr="104" mi="6" ci="0" mb="0" cb="0"/><line nr="114" mi="3" ci="0" mb="0" cb="0"/><line nr="115" mi="9" ci="0" mb="0" cb="0"/><line nr="116" mi="9" ci="0" mb="0" cb="0"/><line nr="117" mi="2" ci="0" mb="0" cb="0"/><line nr="118" mi="2" ci="0" mb="2" cb="0"/><line nr="119" mi="4" ci="0" mb="0" cb="0"/><line nr="122" mi="3" ci="0" mb="0" cb="0"/><line nr="124" mi="3" ci="0" mb="0" cb="0"/><line nr="125" mi="4" ci="0" mb="0" cb="0"/><line nr="126" mi="2" ci="0" mb="0" cb="0"/><line nr="127" mi="8" ci="0" mb="2" cb="0"/><line nr="128" mi="7" ci="0" mb="0" cb="0"/><line nr="130" mi="3" ci="0" mb="2" cb="0"/><line nr="131" mi="2" ci="0" mb="0" cb="0"/><line nr="133" mi="6" ci="0" mb="0" cb="0"/><line nr="135" mi="6" ci="0" mb="0" cb="0"/><line nr="145" mi="3" ci="0" mb="0" cb="0"/><line nr="146" mi="9" ci="0" mb="0" cb="0"/><line nr="147" mi="9" ci="0" mb="0" cb="0"/><line nr="148" mi="2" ci="0" mb="0" cb="0"/><line nr="149" mi="2" ci="0" mb="2" cb="0"/><line nr="150" mi="4" ci="0" mb="0" cb="0"/><line nr="153" mi="3" ci="0" mb="0" cb="0"/><line nr="155" mi="3" ci="0" mb="0" cb="0"/><line nr="156" mi="4" ci="0" mb="0" cb="0"/><line nr="157" mi="2" ci="0" mb="0" cb="0"/><line nr="158" mi="8" ci="0" mb="2" cb="0"/><line nr="159" mi="7" ci="0" mb="0" cb="0"/><line nr="161" mi="3" ci="0" mb="2" cb="0"/><line nr="162" mi="2" ci="0" mb="0" cb="0"/><line nr="164" mi="6" ci="0" mb="0" cb="0"/><line nr="166" mi="6" ci="0" mb="0" cb="0"/><line nr="177" mi="3" ci="0" mb="0" cb="0"/><line nr="178" mi="4" ci="0" mb="0" cb="0"/><line nr="179" mi="5" ci="0" mb="0" cb="0"/><line nr="180" mi="3" ci="0" mb="0" cb="0"/><line nr="181" mi="3" ci="0" mb="0" cb="0"/><line nr="182" mi="3" ci="0" mb="0" cb="0"/><line nr="184" mi="4" ci="0" mb="0" cb="0"/><line nr="185" mi="1" ci="0" mb="0" cb="0"/><counter type="INSTRUCTION" missed="343" covered="0"/><counter type="BRANCH" missed="14" covered="0"/><counter type="LINE" missed="82" covered="0"/><counter type="COMPLEXITY" missed="16" covered="0"/><counter type="METHOD" missed="9" covered="0"/><counter type="CLASS" missed="5" covered="0"/></sourcefile><sourcefile name="StarsLogic.java"><line nr="22" mi="0" ci="2" mb="0" cb="0"/><line nr="23" mi="0" ci="5" mb="0" cb="0"/><line nr="24" mi="0" ci="1" mb="0" cb="0"/><line nr="29" mi="0" ci="4" mb="0" cb="0"/><line nr="30" mi="0" ci="10" mb="1" cb="5"/><line nr="32" mi="3" ci="0" mb="0" cb="0"/><line nr="33" mi="1" ci="0" mb="0" cb="0"/><line nr="35" mi="0" ci="4" mb="0" cb="0"/><line nr="36" mi="0" ci="1" mb="0" cb="0"/><line nr="38" mi="0" ci="4" mb="0" cb="0"/><line nr="39" mi="0" ci="1" mb="0" cb="0"/><line nr="41" mi="0" ci="4" mb="0" cb="0"/><line nr="42" mi="0" ci="1" mb="0" cb="0"/><line nr="44" mi="0" ci="4" mb="0" cb="0"/><line nr="45" mi="0" ci="1" mb="0" cb="0"/><line nr="48" mi="0" ci="3" mb="0" cb="0"/><line nr="49" mi="0" ci="4" mb="0" cb="0"/><line nr="52" mi="0" ci="2" mb="0" cb="0"/><line nr="56" mi="0" ci="4" mb="1" cb="1"/><line nr="57" mi="4" ci="0" mb="0" cb="0"/><line nr="59" mi="0" ci="10" mb="0" cb="0"/><line nr="61" mi="0" ci="3" mb="1" cb="1"/><line nr="62" mi="0" ci="10" mb="0" cb="0"/><line nr="63" mi="0" ci="4" mb="0" cb="0"/><line nr="64" mi="0" ci="3" mb="0" cb="0"/><line nr="66" mi="0" ci="4" mb="1" cb="1"/><line nr="67" mi="3" ci="0" mb="0" cb="0"/><line nr="70" mi="0" ci="8" mb="0" cb="2"/><line nr="71" mi="0" ci="9" mb="0" cb="0"/><line nr="72" mi="0" ci="8" mb="0" cb="0"/><line nr="73" mi="0" ci="9" mb="0" cb="0"/><line nr="74" mi="0" ci="9" mb="0" cb="0"/><line nr="75" mi="0" ci="9" mb="0" cb="0"/><line nr="76" mi="0" ci="12" mb="0" cb="0"/><line nr="79" mi="0" ci="2" mb="0" cb="0"/><line nr="81" mi="0" ci="8" mb="0" cb="0"/><line nr="84" mi="0" ci="1" mb="0" cb="0"/><line nr="99" mi="0" ci="19" mb="0" cb="0"/><line nr="109" mi="0" ci="8" mb="0" cb="4"/><line nr="111" mi="0" ci="5" mb="0" cb="0"/><line nr="112" mi="0" ci="1" mb="0" cb="0"/><line nr="113" mi="0" ci="3" mb="0" cb="0"/><line nr="114" mi="0" ci="2" mb="0" cb="0"/><line nr="115" mi="0" ci="1" mb="0" cb="0"/><line nr="117" mi="0" ci="7" mb="1" cb="3"/><line nr="118" mi="0" ci="3" mb="0" cb="0"/><line nr="119" mi="0" ci="2" mb="0" cb="0"/><line nr="121" mi="0" ci="4" mb="0" cb="2"/><line nr="123" mi="0" ci="11" mb="1" cb="3"/><line nr="124" mi="0" ci="3" mb="0" cb="0"/><line nr="125" mi="0" ci="2" mb="0" cb="0"/><line nr="127" mi="0" ci="7" mb="0" cb="0"/><line nr="128" mi="0" ci="2" mb="0" cb="0"/><line nr="130" mi="0" ci="9" mb="0" cb="2"/><line nr="131" mi="0" ci="9" mb="0" cb="2"/><line nr="132" mi="0" ci="2" mb="0" cb="0"/><line nr="136" mi="0" ci="2" mb="0" cb="2"/><line nr="137" mi="0" ci="3" mb="0" cb="0"/><line nr="138" mi="0" ci="2" mb="0" cb="0"/><line nr="140" mi="0" ci="1" mb="0" cb="0"/><line nr="142" mi="0" ci="7" mb="0" cb="2"/><line nr="144" mi="0" ci="5" mb="0" cb="0"/><line nr="145" mi="0" ci="1" mb="0" cb="0"/><line nr="146" mi="0" ci="3" mb="0" cb="0"/><line nr="147" mi="0" ci="2" mb="0" cb="0"/><line nr="148" mi="0" ci="1" mb="0" cb="0"/><line nr="151" mi="0" ci="2" mb="0" cb="0"/><line nr="153" mi="0" ci="3" mb="0" cb="0"/><line nr="155" mi="0" ci="2" mb="0" cb="0"/><line nr="166" mi="0" ci="8" mb="1" cb="3"/><line nr="168" mi="0" ci="5" mb="0" cb="0"/><line nr="169" mi="0" ci="1" mb="0" cb="0"/><line nr="170" mi="0" ci="3" mb="0" cb="0"/><line nr="171" mi="0" ci="2" mb="0" cb="0"/><line nr="172" mi="0" ci="1" mb="0" cb="0"/><line nr="174" mi="0" ci="7" mb="1" cb="3"/><line nr="175" mi="0" ci="3" mb="0" cb="0"/><line nr="176" mi="0" ci="2" mb="0" cb="0"/><line nr="178" mi="0" ci="4" mb="0" cb="2"/><line nr="180" mi="0" ci="11" mb="1" cb="3"/><line nr="181" mi="0" ci="3" mb="0" cb="0"/><line nr="182" mi="0" ci="2" mb="0" cb="0"/><line nr="184" mi="0" ci="7" mb="0" cb="0"/><line nr="185" mi="0" ci="2" mb="0" cb="0"/><line nr="187" mi="0" ci="9" mb="0" cb="2"/><line nr="188" mi="0" ci="9" mb="0" cb="2"/><line nr="189" mi="0" ci="2" mb="0" cb="0"/><line nr="193" mi="0" ci="2" mb="0" cb="2"/><line nr="194" mi="0" ci="3" mb="0" cb="0"/><line nr="195" mi="0" ci="2" mb="0" cb="0"/><line nr="197" mi="0" ci="1" mb="0" cb="0"/><line nr="199" mi="0" ci="7" mb="0" cb="2"/><line nr="201" mi="0" ci="5" mb="0" cb="0"/><line nr="202" mi="1" ci="0" mb="0" cb="0"/><line nr="203" mi="3" ci="0" mb="0" cb="0"/><line nr="204" mi="2" ci="0" mb="0" cb="0"/><line nr="205" mi="0" ci="1" mb="0" cb="0"/><line nr="208" mi="0" ci="2" mb="0" cb="0"/><line nr="210" mi="3" ci="0" mb="0" cb="0"/><line nr="212" mi="2" ci="0" mb="0" cb="0"/><line nr="220" mi="0" ci="4" mb="0" cb="0"/><line nr="222" mi="0" ci="4" mb="0" cb="0"/><line nr="223" mi="0" ci="4" mb="0" cb="2"/><line nr="224" mi="0" ci="4" mb="0" cb="0"/><line nr="225" mi="0" ci="2" mb="0" cb="0"/><line nr="227" mi="0" ci="2" mb="0" cb="0"/><line nr="229" mi="0" ci="2" mb="0" cb="0"/><line nr="230" mi="0" ci="5" mb="0" cb="0"/><line nr="231" mi="0" ci="2" mb="0" cb="0"/><line nr="232" mi="0" ci="2" mb="0" cb="0"/><line nr="233" mi="0" ci="2" mb="0" cb="0"/><line nr="234" mi="0" ci="4" mb="0" cb="2"/><line nr="235" mi="0" ci="2" mb="0" cb="0"/><line nr="236" mi="0" ci="7" mb="0" cb="0"/><line nr="237" mi="0" ci="10" mb="0" cb="2"/><line nr="238" mi="0" ci="9" mb="0" cb="2"/><line nr="239" mi="0" ci="7" mb="0" cb="0"/><line nr="240" mi="0" ci="7" mb="0" cb="0"/><line nr="241" mi="0" ci="7" mb="0" cb="0"/><line nr="246" mi="0" ci="5" mb="0" cb="0"/><line nr="247" mi="0" ci="5" mb="0" cb="0"/><line nr="248" mi="0" ci="5" mb="0" cb="0"/><line nr="251" mi="0" ci="2" mb="1" cb="1"/><line nr="252" mi="2" ci="0" mb="0" cb="0"/><line nr="255" mi="0" ci="2" mb="0" cb="2"/><line nr="256" mi="0" ci="3" mb="0" cb="0"/><line nr="257" mi="0" ci="4" mb="0" cb="0"/><line nr="258" mi="0" ci="2" mb="0" cb="0"/><line nr="260" mi="0" ci="4" mb="0" cb="0"/><line nr="262" mi="0" ci="4" mb="0" cb="0"/><line nr="268" mi="0" ci="3" mb="0" cb="0"/><line nr="269" mi="0" ci="9" mb="0" cb="2"/><line nr="271" mi="0" ci="11" mb="0" cb="4"/><line nr="272" mi="0" ci="1" mb="0" cb="0"/><line nr="274" mi="0" ci="8" mb="0" cb="0"/><line nr="275" mi="0" ci="7" mb="0" cb="0"/><line nr="276" mi="0" ci="7" mb="0" cb="0"/><line nr="277" mi="0" ci="7" mb="0" cb="0"/><line nr="279" mi="0" ci="10" mb="0" cb="0"/><line nr="280" mi="0" ci="4" mb="0" cb="0"/><line nr="281" mi="0" ci="5" mb="0" cb="0"/><line nr="282" mi="0" ci="5" mb="0" cb="0"/><line nr="283" mi="0" ci="2" mb="0" cb="0"/><line nr="285" mi="0" ci="2" mb="0" cb="0"/><line nr="286" mi="0" ci="8" mb="0" cb="2"/><line nr="287" mi="0" ci="11" mb="0" cb="2"/><line nr="288" mi="0" ci="2" mb="0" cb="0"/><line nr="289" mi="0" ci="2" mb="0" cb="0"/><line nr="290" mi="0" ci="1" mb="0" cb="0"/><line nr="293" mi="0" ci="2" mb="0" cb="2"/><line nr="294" mi="0" ci="4" mb="0" cb="0"/><line nr="295" mi="0" ci="9" mb="0" cb="0"/><line nr="297" mi="0" ci="4" mb="0" cb="2"/><line nr="298" mi="0" ci="4" mb="0" cb="0"/><line nr="299" mi="0" ci="8" mb="0" cb="0"/><line nr="302" mi="0" ci="4" mb="0" cb="2"/><line nr="303" mi="0" ci="7" mb="0" cb="0"/><line nr="304" mi="0" ci="7" mb="0" cb="0"/><line nr="308" mi="0" ci="8" mb="0" cb="2"/><line nr="309" mi="0" ci="9" mb="0" cb="0"/><line nr="310" mi="0" ci="3" mb="0" cb="0"/><line nr="311" mi="0" ci="4" mb="0" cb="0"/><line nr="312" mi="0" ci="15" mb="0" cb="0"/><line nr="313" mi="0" ci="10" mb="0" cb="0"/><line nr="314" mi="0" ci="4" mb="0" cb="0"/><line nr="316" mi="0" ci="2" mb="0" cb="0"/><line nr="325" mi="0" ci="4" mb="0" cb="0"/><line nr="327" mi="0" ci="4" mb="0" cb="0"/><line nr="328" mi="0" ci="4" mb="0" cb="2"/><line nr="329" mi="0" ci="4" mb="0" cb="0"/><line nr="330" mi="0" ci="2" mb="0" cb="0"/><line nr="332" mi="0" ci="2" mb="0" cb="0"/><line nr="334" mi="0" ci="2" mb="0" cb="0"/><line nr="335" mi="0" ci="5" mb="0" cb="0"/><line nr="336" mi="0" ci="2" mb="0" cb="0"/><line nr="337" mi="0" ci="2" mb="0" cb="0"/><line nr="338" mi="0" ci="2" mb="0" cb="0"/><line nr="339" mi="0" ci="4" mb="0" cb="2"/><line nr="340" mi="0" ci="2" mb="0" cb="0"/><line nr="341" mi="0" ci="7" mb="0" cb="0"/><line nr="342" mi="0" ci="10" mb="0" cb="2"/><line nr="343" mi="0" ci="9" mb="0" cb="2"/><line nr="344" mi="0" ci="7" mb="0" cb="0"/><line nr="345" mi="0" ci="7" mb="0" cb="0"/><line nr="346" mi="0" ci="7" mb="0" cb="0"/><line nr="351" mi="0" ci="5" mb="0" cb="0"/><line nr="352" mi="0" ci="5" mb="0" cb="0"/><line nr="353" mi="0" ci="5" mb="0" cb="0"/><line nr="356" mi="0" ci="4" mb="0" cb="2"/><line nr="357" mi="0" ci="3" mb="0" cb="0"/><line nr="358" mi="0" ci="4" mb="0" cb="0"/><line nr="359" mi="0" ci="2" mb="0" cb="0"/><line nr="361" mi="0" ci="4" mb="0" cb="0"/><line nr="363" mi="0" ci="4" mb="0" cb="0"/><line nr="369" mi="0" ci="3" mb="0" cb="0"/><line nr="370" mi="0" ci="9" mb="0" cb="2"/><line nr="372" mi="0" ci="11" mb="0" cb="4"/><line nr="373" mi="0" ci="1" mb="0" cb="0"/><line nr="375" mi="0" ci="8" mb="0" cb="0"/><line nr="376" mi="0" ci="7" mb="0" cb="0"/><line nr="377" mi="0" ci="7" mb="0" cb="0"/><line nr="378" mi="0" ci="7" mb="0" cb="0"/><line nr="380" mi="0" ci="10" mb="0" cb="0"/><line nr="381" mi="0" ci="4" mb="0" cb="0"/><line nr="382" mi="0" ci="5" mb="0" cb="0"/><line nr="383" mi="0" ci="5" mb="0" cb="0"/><line nr="384" mi="0" ci="4" mb="0" cb="2"/><line nr="385" mi="0" ci="2" mb="0" cb="0"/><line nr="387" mi="0" ci="8" mb="0" cb="2"/><line nr="388" mi="0" ci="11" mb="0" cb="2"/><line nr="389" mi="0" ci="4" mb="0" cb="0"/><line nr="390" mi="0" ci="8" mb="0" cb="0"/><line nr="391" mi="0" ci="2" mb="0" cb="0"/><line nr="392" mi="0" ci="1" mb="0" cb="0"/><line nr="396" mi="0" ci="2" mb="0" cb="2"/><line nr="397" mi="0" ci="4" mb="0" cb="0"/><line nr="398" mi="0" ci="8" mb="0" cb="0"/><line nr="403" mi="0" ci="8" mb="0" cb="2"/><line nr="404" mi="0" ci="9" mb="0" cb="0"/><line nr="405" mi="0" ci="3" mb="0" cb="0"/><line nr="406" mi="0" ci="4" mb="0" cb="0"/><line nr="407" mi="0" ci="15" mb="0" cb="0"/><line nr="408" mi="0" ci="10" mb="0" cb="0"/><line nr="409" mi="0" ci="4" mb="0" cb="0"/><line nr="411" mi="0" ci="2" mb="0" cb="0"/><line nr="415" mi="0" ci="4" mb="0" cb="0"/><line nr="417" mi="0" ci="4" mb="0" cb="0"/><line nr="418" mi="0" ci="4" mb="1" cb="1"/><line nr="419" mi="4" ci="0" mb="0" cb="0"/><line nr="420" mi="2" ci="0" mb="0" cb="0"/><line nr="422" mi="0" ci="2" mb="0" cb="0"/><line nr="424" mi="0" ci="2" mb="0" cb="0"/><line nr="425" mi="0" ci="5" mb="0" cb="0"/><line nr="426" mi="0" ci="2" mb="0" cb="0"/><line nr="427" mi="0" ci="2" mb="0" cb="0"/><line nr="428" mi="0" ci="2" mb="0" cb="0"/><line nr="429" mi="0" ci="4" mb="0" cb="2"/><line nr="430" mi="0" ci="2" mb="0" cb="0"/><line nr="431" mi="0" ci="7" mb="0" cb="0"/><line nr="432" mi="0" ci="10" mb="0" cb="2"/><line nr="433" mi="0" ci="9" mb="0" cb="2"/><line nr="434" mi="0" ci="7" mb="0" cb="0"/><line nr="435" mi="0" ci="7" mb="0" cb="0"/><line nr="436" mi="0" ci="7" mb="0" cb="0"/><line nr="441" mi="0" ci="5" mb="0" cb="0"/><line nr="442" mi="0" ci="5" mb="0" cb="0"/><line nr="443" mi="0" ci="5" mb="0" cb="0"/><line nr="446" mi="0" ci="2" mb="1" cb="1"/><line nr="447" mi="2" ci="0" mb="0" cb="0"/><line nr="450" mi="0" ci="2" mb="0" cb="2"/><line nr="451" mi="0" ci="3" mb="0" cb="0"/><line nr="452" mi="0" ci="4" mb="0" cb="0"/><line nr="453" mi="0" ci="2" mb="0" cb="0"/><line nr="455" mi="0" ci="10" mb="0" cb="0"/><line nr="456" mi="0" ci="4" mb="0" cb="0"/><line nr="458" mi="0" ci="9" mb="0" cb="0"/><line nr="459" mi="0" ci="9" mb="0" cb="0"/><line nr="460" mi="0" ci="4" mb="0" cb="0"/><line nr="461" mi="0" ci="3" mb="0" cb="2"/><line nr="462" mi="0" ci="7" mb="0" cb="0"/><line nr="464" mi="0" ci="9" mb="0" cb="2"/><line nr="465" mi="0" ci="10" mb="0" cb="0"/><line nr="466" mi="0" ci="21" mb="0" cb="0"/><line nr="467" mi="0" ci="12" mb="0" cb="0"/><line nr="468" mi="0" ci="5" mb="0" cb="0"/><line nr="470" mi="0" ci="2" mb="0" cb="0"/><line nr="486" mi="0" ci="5" mb="0" cb="0"/><line nr="487" mi="0" ci="5" mb="0" cb="0"/><line nr="488" mi="0" ci="5" mb="0" cb="0"/><line nr="489" mi="0" ci="4" mb="0" cb="0"/><line nr="490" mi="0" ci="4" mb="0" cb="0"/><line nr="491" mi="0" ci="4" mb="0" cb="0"/><line nr="492" mi="0" ci="10" mb="0" cb="0"/><line nr="493" mi="0" ci="2" mb="0" cb="0"/><line nr="495" mi="0" ci="4" mb="0" cb="2"/><line nr="497" mi="0" ci="11" mb="1" cb="3"/><line nr="498" mi="0" ci="6" mb="0" cb="0"/><line nr="501" mi="0" ci="4" mb="0" cb="0"/><line nr="502" mi="0" ci="4" mb="0" cb="0"/><line nr="503" mi="0" ci="4" mb="0" cb="0"/><line nr="504" mi="0" ci="4" mb="0" cb="0"/><line nr="505" mi="0" ci="10" mb="0" cb="0"/><line nr="507" mi="0" ci="4" mb="0" cb="2"/><line nr="509" mi="0" ci="11" mb="0" cb="4"/><line nr="511" mi="0" ci="4" mb="0" cb="2"/><line nr="513" mi="0" ci="4" mb="1" cb="1"/><line nr="515" mi="3" ci="0" mb="0" cb="0"/><line nr="516" mi="6" ci="0" mb="0" cb="0"/><line nr="520" mi="0" ci="3" mb="0" cb="0"/><line nr="521" mi="0" ci="5" mb="0" cb="0"/><line nr="526" mi="0" ci="3" mb="1" cb="1"/><line nr="528" mi="0" ci="4" mb="0" cb="0"/><line nr="529" mi="0" ci="4" mb="0" cb="0"/><line nr="530" mi="0" ci="4" mb="0" cb="0"/><line nr="531" mi="0" ci="4" mb="0" cb="0"/><line nr="532" mi="0" ci="10" mb="0" cb="0"/><line nr="536" mi="0" ci="14" mb="0" cb="4"/><line nr="537" mi="0" ci="2" mb="0" cb="0"/><line nr="538" mi="0" ci="3" mb="0" cb="2"/><line nr="539" mi="0" ci="11" mb="0" cb="0"/><line nr="540" mi="0" ci="1" mb="0" cb="0"/><line nr="542" mi="0" ci="3" mb="0" cb="2"/><line nr="543" mi="0" ci="12" mb="0" cb="0"/><line nr="544" mi="0" ci="1" mb="0" cb="0"/><line nr="547" mi="0" ci="9" mb="0" cb="2"/><line nr="548" mi="0" ci="3" mb="0" cb="2"/><line nr="549" mi="0" ci="12" mb="0" cb="0"/><line nr="550" mi="0" ci="1" mb="0" cb="0"/><line nr="553" mi="0" ci="3" mb="0" cb="2"/><line nr="554" mi="0" ci="11" mb="0" cb="0"/><line nr="555" mi="0" ci="1" mb="0" cb="0"/><line nr="559" mi="0" ci="1" mb="0" cb="0"/><line nr="567" mi="0" ci="4" mb="0" cb="0"/><line nr="569" mi="0" ci="4" mb="0" cb="0"/><line nr="570" mi="0" ci="4" mb="1" cb="1"/><line nr="571" mi="4" ci="0" mb="0" cb="0"/><line nr="572" mi="2" ci="0" mb="0" cb="0"/><line nr="574" mi="0" ci="2" mb="0" cb="0"/><line nr="576" mi="0" ci="2" mb="0" cb="0"/><line nr="577" mi="0" ci="5" mb="0" cb="0"/><line nr="578" mi="0" ci="2" mb="0" cb="0"/><line nr="579" mi="0" ci="2" mb="0" cb="0"/><line nr="580" mi="0" ci="2" mb="0" cb="0"/><line nr="581" mi="0" ci="4" mb="0" cb="2"/><line nr="582" mi="0" ci="2" mb="0" cb="0"/><line nr="583" mi="0" ci="7" mb="0" cb="0"/><line nr="584" mi="0" ci="10" mb="0" cb="2"/><line nr="585" mi="0" ci="9" mb="0" cb="2"/><line nr="586" mi="0" ci="7" mb="0" cb="0"/><line nr="587" mi="0" ci="7" mb="0" cb="0"/><line nr="588" mi="0" ci="7" mb="0" cb="0"/><line nr="593" mi="0" ci="5" mb="0" cb="0"/><line nr="594" mi="0" ci="5" mb="0" cb="0"/><line nr="595" mi="0" ci="5" mb="0" cb="0"/><line nr="598" mi="0" ci="4" mb="0" cb="2"/><line nr="599" mi="0" ci="3" mb="0" cb="0"/><line nr="600" mi="0" ci="4" mb="0" cb="0"/><line nr="601" mi="0" ci="2" mb="0" cb="0"/><line nr="603" mi="0" ci="10" mb="0" cb="0"/><line nr="604" mi="0" ci="4" mb="0" cb="0"/><line nr="606" mi="0" ci="9" mb="0" cb="0"/><line nr="607" mi="0" ci="9" mb="0" cb="0"/><line nr="608" mi="0" ci="4" mb="0" cb="0"/><line nr="609" mi="0" ci="3" mb="0" cb="2"/><line nr="610" mi="0" ci="7" mb="0" cb="0"/><line nr="612" mi="0" ci="9" mb="0" cb="2"/><line nr="613" mi="0" ci="10" mb="0" cb="0"/><line nr="614" mi="0" ci="21" mb="0" cb="0"/><line nr="615" mi="0" ci="12" mb="0" cb="0"/><line nr="616" mi="0" ci="5" mb="0" cb="0"/><line nr="618" mi="0" ci="2" mb="0" cb="0"/><line nr="635" mi="0" ci="5" mb="0" cb="0"/><line nr="636" mi="0" ci="5" mb="0" cb="0"/><line nr="637" mi="0" ci="5" mb="0" cb="0"/><line nr="638" mi="0" ci="4" mb="0" cb="0"/><line nr="639" mi="0" ci="4" mb="0" cb="0"/><line nr="640" mi="0" ci="4" mb="0" cb="0"/><line nr="641" mi="0" ci="10" mb="0" cb="0"/><line nr="643" mi="0" ci="4" mb="0" cb="2"/><line nr="644" mi="0" ci="11" mb="1" cb="3"/><line nr="645" mi="0" ci="5" mb="0" cb="0"/><line nr="649" mi="0" ci="10" mb="0" cb="2"/><line nr="650" mi="0" ci="2" mb="0" cb="0"/><line nr="651" mi="0" ci="3" mb="0" cb="2"/><line nr="652" mi="0" ci="11" mb="0" cb="0"/><line nr="653" mi="0" ci="1" mb="0" cb="0"/><line nr="655" mi="0" ci="3" mb="0" cb="2"/><line nr="656" mi="0" ci="12" mb="0" cb="0"/><line nr="657" mi="0" ci="1" mb="0" cb="0"/><line nr="660" mi="0" ci="9" mb="0" cb="2"/><line nr="661" mi="0" ci="3" mb="0" cb="2"/><line nr="662" mi="0" ci="12" mb="0" cb="0"/><line nr="663" mi="0" ci="1" mb="0" cb="0"/><line nr="666" mi="0" ci="3" mb="0" cb="2"/><line nr="667" mi="0" ci="11" mb="0" cb="0"/><line nr="668" mi="0" ci="1" mb="0" cb="0"/><line nr="672" mi="0" ci="1" mb="0" cb="0"/><line nr="681" mi="0" ci="4" mb="1" cb="1"/><line nr="682" mi="3" ci="0" mb="0" cb="0"/><line nr="683" mi="2" ci="0" mb="0" cb="0"/><line nr="685" mi="0" ci="8" mb="0" cb="2"/><line nr="687" mi="0" ci="2" mb="0" cb="2"/><line nr="689" mi="0" ci="5" mb="0" cb="0"/><line nr="690" mi="1" ci="0" mb="0" cb="0"/><line nr="691" mi="3" ci="0" mb="0" cb="0"/><line nr="692" mi="2" ci="0" mb="0" cb="0"/><line nr="693" mi="0" ci="1" mb="0" cb="0"/><line nr="694" mi="0" ci="3" mb="0" cb="2"/><line nr="695" mi="0" ci="5" mb="1" cb="1"/><line nr="696" mi="3" ci="0" mb="0" cb="0"/><line nr="697" mi="2" ci="0" mb="0" cb="0"/><line nr="701" mi="0" ci="5" mb="0" cb="0"/><line nr="702" mi="1" ci="0" mb="0" cb="0"/><line nr="703" mi="3" ci="0" mb="0" cb="0"/><line nr="704" mi="2" ci="0" mb="0" cb="0"/><line nr="705" mi="0" ci="1" mb="0" cb="0"/><line nr="708" mi="0" ci="2" mb="0" cb="0"/><line nr="715" mi="0" ci="7" mb="2" cb="2"/><line nr="716" mi="3" ci="0" mb="0" cb="0"/><line nr="717" mi="1" ci="0" mb="0" cb="0"/><line nr="719" mi="0" ci="4" mb="0" cb="0"/><line nr="721" mi="0" ci="9" mb="0" cb="2"/><line nr="722" mi="0" ci="11" mb="0" cb="0"/><line nr="724" mi="0" ci="6" mb="0" cb="0"/><line nr="725" mi="0" ci="1" mb="0" cb="0"/><line nr="732" mi="0" ci="3" mb="0" cb="0"/><counter type="INSTRUCTION" missed="73" covered="1919"/><counter type="BRANCH" missed="21" covered="189"/><counter type="LINE" missed="29" covered="377"/><counter type="COMPLEXITY" missed="21" covered="101"/><counter type="METHOD" missed="0" covered="15"/><counter type="CLASS" missed="0" covered="1"/></sourcefile><counter type="INSTRUCTION" missed="416" covered="2063"/><counter type="BRANCH" missed="35" covered="197"/><counter type="LINE" missed="111" covered="416"/><counter type="COMPLEXITY" missed="37" covered="115"/><counter type="METHOD" missed="9" covered="25"/><counter type="CLASS" missed="5" covered="3"/></package><package name="edu/brown/cs/abeckrui/mockaroo"><class name="edu/brown/cs/abeckrui/mockaroo/MockPersonLogic" sourcefilename="MockPersonLogic.java"><method name="&lt;init&gt;" desc="()V" line="22"><counter type="INSTRUCTION" missed="0" covered="8"/><counter type="LINE" missed="0" covered="3"/><counter type="COMPLEXITY" missed="0" covered="1"/><counter type="METHOD" missed="0" covered="1"/></method><method name="checkData" desc="([Ljava/lang/String;)Z" line="33"><counter type="INSTRUCTION" missed="28" covered="93"/><counter type="BRANCH" missed="9" covered="15"/><counter type="LINE" missed="10" covered="20"/><counter type="COMPLEXITY" missed="9" covered="4"/><counter type="METHOD" missed="0" covered="1"/></method><method name="run" desc="([Ljava/lang/String;)Ljava/util/List;" line="83"><counter type="INSTRUCTION" missed="9" covered="0"/><counter type="LINE" missed="3" covered="0"/><counter type="COMPLEXITY" missed="1" covered="0"/><counter type="METHOD" missed="1" covered="0"/></method><method name="parseCSV" desc="([Ljava/lang/String;)V" line="89"><counter type="INSTRUCTION" missed="111" covered="0"/><counter type="BRANCH" missed="6" covered="0"/><counter type="LINE" missed="16" covered="0"/><counter type="COMPLEXITY" missed="4" covered="0"/><counter type="METHOD" missed="1" covered="0"/></method><counter type="INSTRUCTION" missed="148" covered="101"/><counter type="BRANCH" missed="15" covered="15"/><counter type="LINE" missed="29" covered="23"/><counter type="COMPLEXITY" missed="14" covered="5"/><counter type="METHOD" missed="2" covered="2"/><counter type="CLASS" missed="0" covered="1"/></class><class name="edu/brown/cs/abeckrui/mockaroo/MockPerson" sourcefilename="MockPerson.java"><method name="&lt;init&gt;" desc="(Ljava/lang/String;Ljava/lang/String;Ljava/lang/String;Ljava/lang/String;Ljava/lang/String;Ljava/lang/String;)V" line="25"><counter type="INSTRUCTION" missed="21" covered="0"/><counter type="LINE" missed="8" covered="0"/><counter type="COMPLEXITY" missed="1" covered="0"/><counter type="METHOD" missed="1" covered="0"/></method><method name="printFields" desc="()V" line="38"><counter type="INSTRUCTION" missed="16" covered="0"/><counter type="LINE" missed="2" covered="0"/><counter type="COMPLEXITY" missed="1" covered="0"/><counter type="METHOD" missed="1" covered="0"/></method><counter type="INSTRUCTION" missed="37" covered="0"/><counter type="LINE" missed="10" covered="0"/><counter type="COMPLEXITY" missed="2" covered="0"/><counter type="METHOD" missed="2" covered="0"/><counter type="CLASS" missed="1" covered="0"/></class><sourcefile name="MockPersonLogic.java"><line nr="22" mi="0" ci="2" mb="0" cb="0"/><line nr="23" mi="0" ci="5" mb="0" cb="0"/><line nr="24" mi="0" ci="1" mb="0" cb="0"/><line nr="33" mi="0" ci="4" mb="1" cb="1"/><line nr="34" mi="6" ci="0" mb="0" cb="0"/><line nr="35" mi="2" ci="0" mb="0" cb="0"/><line nr="37" mi="0" ci="11" mb="1" cb="3"/><line nr="38" mi="0" ci="3" mb="0" cb="0"/><line nr="39" mi="0" ci="2" mb="0" cb="0"/><line nr="41" mi="0" ci="5" mb="1" cb="1"/><line nr="42" mi="3" ci="0" mb="0" cb="0"/><line nr="43" mi="2" ci="0" mb="0" cb="0"/><line nr="45" mi="0" ci="11" mb="2" cb="2"/><line nr="46" mi="3" ci="0" mb="0" cb="0"/><line nr="47" mi="2" ci="0" mb="0" cb="0"/><line nr="53" mi="0" ci="4" mb="0" cb="0"/><line nr="55" mi="0" ci="2" mb="0" cb="0"/><line nr="57" mi="0" ci="3" mb="0" cb="0"/><line nr="59" mi="0" ci="4" mb="0" cb="0"/><line nr="60" mi="0" ci="3" mb="0" cb="0"/><line nr="61" mi="0" ci="2" mb="0" cb="2"/><line nr="62" mi="0" ci="3" mb="0" cb="0"/><line nr="63" mi="0" ci="2" mb="0" cb="0"/><line nr="66" mi="0" ci="17" mb="2" cb="4"/><line nr="67" mi="0" ci="3" mb="0" cb="0"/><line nr="68" mi="0" ci="2" mb="0" cb="0"/><line nr="70" mi="0" ci="5" mb="1" cb="1"/><line nr="71" mi="3" ci="0" mb="0" cb="0"/><line nr="72" mi="2" ci="0" mb="0" cb="0"/><line nr="74" mi="0" ci="5" mb="1" cb="1"/><line nr="75" mi="3" ci="0" mb="0" cb="0"/><line nr="76" mi="2" ci="0" mb="0" cb="0"/><line nr="78" mi="0" ci="2" mb="0" cb="0"/><line nr="83" mi="4" ci="0" mb="0" cb="0"/><line nr="84" mi="3" ci="0" mb="0" cb="0"/><line nr="85" mi="2" ci="0" mb="0" cb="0"/><line nr="89" mi="4" ci="0" mb="2" cb="0"/><line nr="90" mi="4" ci="0" mb="0" cb="0"/><line nr="92" mi="10" ci="0" mb="0" cb="0"/><line nr="94" mi="3" ci="0" mb="2" cb="0"/><line nr="95" mi="10" ci="0" mb="0" cb="0"/><line nr="96" mi="4" ci="0" mb="0" cb="0"/><line nr="97" mi="9" ci="0" mb="2" cb="0"/><line nr="98" mi="9" ci="0" mb="0" cb="0"/><line nr="99" mi="9" ci="0" mb="0" cb="0"/><line nr="100" mi="9" ci="0" mb="0" cb="0"/><line nr="101" mi="9" ci="0" mb="0" cb="0"/><line nr="102" mi="9" ci="0" mb="0" cb="0"/><line nr="103" mi="9" ci="0" mb="0" cb="0"/><line nr="104" mi="10" ci="0" mb="0" cb="0"/><line nr="105" mi="2" ci="0" mb="0" cb="0"/><line nr="109" mi="1" ci="0" mb="0" cb="0"/><counter type="INSTRUCTION" missed="148" covered="101"/><counter type="BRANCH" missed="15" covered="15"/><counter type="LINE" missed="29" covered="23"/><counter type="COMPLEXITY" missed="14" covered="5"/><counter type="METHOD" missed="2" covered="2"/><counter type="CLASS" missed="0" covered="1"/></sourcefile><sourcefile name="MockPerson.java"><line nr="25" mi="2" ci="0" mb="0" cb="0"/><line nr="26" mi="3" ci="0" mb="0" cb="0"/><line nr="27" mi="3" ci="0" mb="0" cb="0"/><line nr="28" mi="3" ci="0" mb="0" cb="0"/><line nr="29" mi="3" ci="0" mb="0" cb="0"/><line nr="30" mi="3" ci="0" mb="0" cb="0"/><line nr="31" mi="3" ci="0" mb="0" cb="0"/><line nr="32" mi="1" ci="0" mb="0" cb="0"/><line nr="38" mi="15" ci="0" mb="0" cb="0"/><line nr="41" mi="1" ci="0" mb="0" cb="0"/><counter type="INSTRUCTION" missed="37" covered="0"/><counter type="LINE" missed="10" covered="0"/><counter type="COMPLEXITY" missed="2" covered="0"/><counter type="METHOD" missed="2" covered="0"/><counter type="CLASS" missed="1" covered="0"/></sourcefile><counter type="INSTRUCTION" missed="185" covered="101"/><counter type="BRANCH" missed="15" covered="15"/><counter type="LINE" missed="39" covered="23"/><counter type="COMPLEXITY" missed="16" covered="5"/><counter type="METHOD" missed="4" covered="2"/><counter type="CLASS" missed="1" covered="1"/></package><package name="edu/brown/cs/abeckrui"><class name="edu/brown/cs/abeckrui/Kdtree" sourcefilename="Kdtree.java"><method name="&lt;init&gt;" desc="(Ljava/util/List;)V" line="11"><counter type="INSTRUCTION" missed="0" covered="13"/><counter type="LINE" missed="0" covered="4"/><counter type="COMPLEXITY" missed="0" covered="1"/><counter type="METHOD" missed="0" covered="1"/></method><method name="buildTree" desc="(Ljava/util/List;I)Ledu/brown/cs/abeckrui/Node;" line="22"><counter type="INSTRUCTION" missed="0" covered="88"/><counter type="BRANCH" missed="0" covered="8"/><counter type="LINE" missed="0" covered="17"/><counter type="COMPLEXITY" missed="0" covered="5"/><counter type="METHOD" missed="0" covered="1"/></method><method name="getRoot" desc="()Ledu/brown/cs/abeckrui/Node;" line="54"><counter type="INSTRUCTION" missed="0" covered="3"/><counter type="LINE" missed="0" covered="1"/><counter type="COMPLEXITY" missed="0" covered="1"/><counter type="METHOD" missed="0" covered="1"/></method><method name="getNodeList" desc="()Ljava/util/List;" line="62"><counter type="INSTRUCTION" missed="3" covered="0"/><counter type="LINE" missed="1" covered="0"/><counter type="COMPLEXITY" missed="1" covered="0"/><counter type="METHOD" missed="1" covered="0"/></method><counter type="INSTRUCTION" missed="3" covered="104"/><counter type="BRANCH" missed="0" covered="8"/><counter type="LINE" missed="1" covered="22"/><counter type="COMPLEXITY" missed="1" covered="7"/><counter type="METHOD" missed="1" covered="3"/><counter type="CLASS" missed="0" covered="1"/></class><class name="edu/brown/cs/abeckrui/Repl" sourcefilename="Repl.java"><method name="&lt;init&gt;" desc="(Ljava/util/HashMap;)V" line="25"><counter type="INSTRUCTION" missed="0" covered="15"/><counter type="LINE" missed="0" covered="4"/><counter type="COMPLEXITY" missed="0" covered="1"/><counter type="METHOD" missed="0" covered="1"/></method><method name="read" desc="()V" line="38"><counter type="INSTRUCTION" missed="46" covered="0"/><counter type="BRANCH" missed="6" covered="0"/><counter type="LINE" missed="14" covered="0"/><counter type="COMPLEXITY" missed="4" covered="0"/><counter type="METHOD" missed="1" covered="0"/></method><method name="splitString" desc="(Ljava/lang/String;)[Ljava/lang/String;" line="69"><counter type="INSTRUCTION" missed="31" covered="0"/><counter type="BRANCH" missed="2" covered="0"/><counter type="LINE" missed="8" covered="0"/><counter type="COMPLEXITY" missed="2" covered="0"/><counter type="METHOD" missed="1" covered="0"/></method><counter type="INSTRUCTION" missed="77" covered="15"/><counter type="BRANCH" missed="8" covered="0"/><counter type="LINE" missed="22" covered="4"/><counter type="COMPLEXITY" missed="6" covered="1"/><counter type="METHOD" missed="2" covered="1"/><counter type="CLASS" missed="0" covered="1"/></class><class name="edu/brown/cs/abeckrui/Csv" sourcefilename="Csv.java"><method name="&lt;init&gt;" desc="(Ljava/io/File;)V" line="25"><counter type="INSTRUCTION" missed="4" covered="13"/><counter type="LINE" missed="2" covered="4"/><counter type="COMPLEXITY" missed="0" covered="1"/><counter type="METHOD" missed="0" covered="1"/></method><method name="parse" desc="()Ljava/util/List;" line="40"><counter type="INSTRUCTION" missed="96" covered="99"/><counter type="BRANCH" missed="28" covered="14"/><counter type="LINE" missed="22" covered="24"/><counter type="COMPLEXITY" missed="19" covered="3"/><counter type="METHOD" missed="0" covered="1"/></method><counter type="INSTRUCTION" missed="100" covered="112"/><counter type="BRANCH" missed="28" covered="14"/><counter type="LINE" missed="24" covered="28"/><counter type="COMPLEXITY" missed="19" covered="4"/><counter type="METHOD" missed="0" covered="2"/><counter type="CLASS" missed="0" covered="1"/></class><class name="edu/brown/cs/abeckrui/CoordinateComparator" sourcefilename="CoordinateComparator.java"><method name="&lt;init&gt;" desc="(I)V" line="9"><counter type="INSTRUCTION" missed="0" covered="6"/><counter type="LINE" missed="0" covered="3"/><counter type="COMPLEXITY" missed="0" covered="1"/><counter type="METHOD" missed="0" covered="1"/></method><method name="compare" desc="(Ledu/brown/cs/abeckrui/Node;Ledu/brown/cs/abeckrui/Node;)I" line="15"><counter type="INSTRUCTION" missed="0" covered="32"/><counter type="BRANCH" missed="0" covered="4"/><counter type="LINE" missed="0" covered="7"/><counter type="COMPLEXITY" missed="0" covered="3"/><counter type="METHOD" missed="0" covered="1"/></method><counter type="INSTRUCTION" missed="0" covered="38"/><counter type="BRANCH" missed="0" covered="4"/><counter type="LINE" missed="0" covered="10"/><counter type="COMPLEXITY" missed="0" covered="4"/><counter type="METHOD" missed="0" covered="2"/><counter type="CLASS" missed="0" covered="1"/></class><class name="edu/brown/cs/abeckrui/CordComparable" sourcefilename="CordComparable.java"/><class name="edu/brown/cs/abeckrui/Method" sourcefilename="Method.java"/><class name="edu/brown/cs/abeckrui/Node" sourcefilename="Node.java"><method name="&lt;init&gt;" desc="(Ledu/brown/cs/abeckrui/CordComparable;)V" line="10"><counter type="INSTRUCTION" missed="0" covered="12"/><counter type="LINE" missed="0" covered="5"/><counter type="COMPLEXITY" missed="0" covered="1"/><counter type="METHOD" missed="0" covered="1"/></method><method name="getLeft" desc="()Ledu/brown/cs/abeckrui/Node;" line="17"><counter type="INSTRUCTION" missed="0" covered="3"/><counter type="LINE" missed="0" covered="1"/><counter type="COMPLEXITY" missed="0" covered="1"/><counter type="METHOD" missed="0" covered="1"/></method><method name="hasLeft" desc="()Z" line="21"><counter type="INSTRUCTION" missed="0" covered="7"/><counter type="BRANCH" missed="0" covered="2"/><counter type="LINE" missed="0" covered="3"/><counter type="COMPLEXITY" missed="0" covered="2"/><counter type="METHOD" missed="0" covered="1"/></method><method name="getRight" desc="()Ledu/brown/cs/abeckrui/Node;" line="28"><counter type="INSTRUCTION" missed="0" covered="3"/><counter type="LINE" missed="0" covered="1"/><counter type="COMPLEXITY" missed="0" covered="1"/><counter type="METHOD" missed="0" covered="1"/></method><method name="hasRight" desc="()Z" line="32"><counter type="INSTRUCTION" missed="0" covered="7"/><counter type="BRANCH" missed="0" covered="2"/><counter type="LINE" missed="0" covered="3"/><counter type="COMPLEXITY" missed="0" covered="2"/><counter type="METHOD" missed="0" covered="1"/></method><method name="setLeft" desc="(Ledu/brown/cs/abeckrui/Node;)V" line="39"><counter type="INSTRUCTION" missed="3" covered="7"/><counter type="BRANCH" missed="1" covered="1"/><counter type="LINE" missed="1" covered="3"/><counter type="COMPLEXITY" missed="1" covered="1"/><counter type="METHOD" missed="0" covered="1"/></method><method name="setRight" desc="(Ledu/brown/cs/abeckrui/Node;)V" line="46"><counter type="INSTRUCTION" missed="0" covered="4"/><counter type="LINE" missed="0" covered="2"/><counter type="COMPLEXITY" missed="0" covered="1"/><counter type="METHOD" missed="0" covered="1"/></method><method name="getCompObject" desc="()Ledu/brown/cs/abeckrui/CordComparable;" line="50"><counter type="INSTRUCTION" missed="0" covered="3"/><counter type="LINE" missed="0" covered="1"/><counter type="COMPLEXITY" missed="0" covered="1"/><counter type="METHOD" missed="0" covered="1"/></method><counter type="INSTRUCTION" missed="3" covered="46"/><counter type="BRANCH" missed="1" covered="5"/><counter type="LINE" missed="1" covered="19"/><counter type="COMPLEXITY" missed="1" covered="10"/><counter type="METHOD" missed="0" covered="8"/><counter type="CLASS" missed="0" covered="1"/></class><sourcefile name="Csv.java"><line nr="25" mi="0" ci="2" mb="0" cb="0"/><line nr="27" mi="0" ci="9" mb="0" cb="0"/><line nr="29" mi="1" ci="0" mb="0" cb="0"/><line nr="30" mi="3" ci="0" mb="0" cb="0"/><line nr="31" mi="0" ci="1" mb="0" cb="0"/><line nr="32" mi="0" ci="1" mb="0" cb="0"/><line nr="40" mi="0" ci="3" mb="1" cb="1"/><line nr="41" mi="2" ci="0" mb="0" cb="0"/><line nr="44" mi="0" ci="2" mb="0" cb="0"/><line nr="45" mi="0" ci="4" mb="0" cb="0"/><line nr="48" mi="0" ci="4" mb="0" cb="0"/><line nr="49" mi="0" ci="4" mb="0" cb="0"/><line nr="50" mi="4" ci="4" mb="3" cb="1"/><line nr="51" mi="0" ci="4" mb="1" cb="1"/><line nr="52" mi="0" ci="16" mb="2" cb="2"/><line nr="53" mi="0" ci="12" mb="2" cb="2"/><line nr="54" mi="0" ci="2" mb="1" cb="1"/><line nr="55" mi="3" ci="0" mb="0" cb="0"/><line nr="57" mi="2" ci="0" mb="0" cb="0"/><line nr="60" mi="2" ci="0" mb="0" cb="0"/><line nr="61" mi="16" ci="0" mb="4" cb="0"/><line nr="62" mi="12" ci="0" mb="4" cb="0"/><line nr="63" mi="8" ci="0" mb="4" cb="0"/><line nr="64" mi="3" ci="0" mb="0" cb="0"/><line nr="66" mi="2" ci="0" mb="0" cb="0"/><line nr="70" mi="3" ci="0" mb="0" cb="0"/><line nr="72" mi="1" ci="0" mb="0" cb="0"/><line nr="73" mi="3" ci="0" mb="0" cb="0"/><line nr="74" mi="2" ci="0" mb="0" cb="0"/><line nr="75" mi="0" ci="1" mb="0" cb="0"/><line nr="78" mi="0" ci="4" mb="0" cb="0"/><line nr="80" mi="0" ci="2" mb="0" cb="2"/><line nr="81" mi="0" ci="4" mb="0" cb="0"/><line nr="82" mi="0" ci="4" mb="0" cb="0"/><line nr="84" mi="0" ci="2" mb="1" cb="1"/><line nr="85" mi="3" ci="0" mb="2" cb="0"/><line nr="87" mi="8" ci="0" mb="2" cb="0"/><line nr="88" mi="6" ci="0" mb="0" cb="0"/><line nr="90" mi="5" ci="0" mb="0" cb="0"/><line nr="92" mi="2" ci="0" mb="0" cb="0"/><line nr="95" mi="0" ci="3" mb="1" cb="1"/><line nr="97" mi="0" ci="8" mb="0" cb="2"/><line nr="98" mi="0" ci="6" mb="0" cb="0"/><line nr="100" mi="0" ci="5" mb="0" cb="0"/><line nr="102" mi="2" ci="0" mb="0" cb="0"/><line nr="105" mi="0" ci="1" mb="0" cb="0"/><line nr="106" mi="0" ci="1" mb="0" cb="0"/><line nr="109" mi="1" ci="0" mb="0" cb="0"/><line nr="110" mi="4" ci="0" mb="0" cb="0"/><line nr="111" mi="2" ci="0" mb="0" cb="0"/><line nr="112" mi="0" ci="1" mb="0" cb="0"/><line nr="114" mi="0" ci="2" mb="0" cb="0"/><counter type="INSTRUCTION" missed="100" covered="112"/><counter type="BRANCH" missed="28" covered="14"/><counter type="LINE" missed="24" covered="28"/><counter type="COMPLEXITY" missed="19" covered="4"/><counter type="METHOD" missed="0" covered="2"/><counter type="CLASS" missed="0" covered="1"/></sourcefile><sourcefile name="Method.java"/><sourcefile name="Kdtree.java"><line nr="11" mi="0" ci="2" mb="0" cb="0"/><line nr="12" mi="0" ci="3" mb="0" cb="0"/><line nr="13" mi="0" ci="7" mb="0" cb="0"/><line nr="14" mi="0" ci="1" mb="0" cb="0"/><line nr="22" mi="0" ci="3" mb="0" cb="2"/><line nr="23" mi="0" ci="2" mb="0" cb="0"/><line nr="26" mi="0" ci="4" mb="0" cb="2"/><line nr="27" mi="0" ci="5" mb="0" cb="0"/><line nr="29" mi="0" ci="6" mb="0" cb="0"/><line nr="30" mi="0" ci="7" mb="0" cb="0"/><line nr="32" mi="0" ci="8" mb="0" cb="0"/><line nr="34" mi="0" ci="2" mb="0" cb="2"/><line nr="35" mi="0" ci="12" mb="0" cb="2"/><line nr="36" mi="0" ci="1" mb="0" cb="0"/><line nr="38" mi="0" ci="2" mb="0" cb="0"/><line nr="40" mi="0" ci="5" mb="0" cb="0"/><line nr="41" mi="0" ci="5" mb="0" cb="0"/><line nr="42" mi="0" ci="8" mb="0" cb="0"/><line nr="44" mi="0" ci="8" mb="0" cb="0"/><line nr="45" mi="0" ci="8" mb="0" cb="0"/><line nr="46" mi="0" ci="2" mb="0" cb="0"/><line nr="54" mi="0" ci="3" mb="0" cb="0"/><line nr="62" mi="3" ci="0" mb="0" cb="0"/><counter type="INSTRUCTION" missed="3" covered="104"/><counter type="BRANCH" missed="0" covered="8"/><counter type="LINE" missed="1" covered="22"/><counter type="COMPLEXITY" missed="1" covered="7"/><counter type="METHOD" missed="1" covered="3"/><counter type="CLASS" missed="0" covered="1"/></sourcefile><sourcefile name="Node.java"><line nr="10" mi="0" ci="2" mb="0" cb="0"/><line nr="11" mi="0" ci="3" mb="0" cb="0"/><line nr="12" mi="0" ci="3" mb="0" cb="0"/><line nr="13" mi="0" ci="3" mb="0" cb="0"/><line nr="14" mi="0" ci="1" mb="0" cb="0"/><line nr="17" mi="0" ci="3" mb="0" cb="0"/><line nr="21" mi="0" ci="3" mb="0" cb="2"/><line nr="22" mi="0" ci="2" mb="0" cb="0"/><line nr="24" mi="0" ci="2" mb="0" cb="0"/><line nr="28" mi="0" ci="3" mb="0" cb="0"/><line nr="32" mi="0" ci="3" mb="0" cb="2"/><line nr="33" mi="0" ci="2" mb="0" cb="0"/><line nr="35" mi="0" ci="2" mb="0" cb="0"/><line nr="39" mi="0" ci="3" mb="1" cb="1"/><line nr="40" mi="3" ci="0" mb="0" cb="0"/><line nr="42" mi="0" ci="3" mb="0" cb="0"/><line nr="43" mi="0" ci="1" mb="0" cb="0"/><line nr="46" mi="0" ci="3" mb="0" cb="0"/><line nr="47" mi="0" ci="1" mb="0" cb="0"/><line nr="50" mi="0" ci="3" mb="0" cb="0"/><counter type="INSTRUCTION" missed="3" covered="46"/><counter type="BRANCH" missed="1" covered="5"/><counter type="LINE" missed="1" covered="19"/><counter type="COMPLEXITY" missed="1" covered="10"/><counter type="METHOD" missed="0" covered="8"/><counter type="CLASS" missed="0" covered="1"/></sourcefile><sourcefile name="CoordinateComparator.java"><line nr="9" mi="0" ci="2" mb="0" cb="0"/><line nr="10" mi="0" ci="3" mb="0" cb="0"/><line nr="11" mi="0" ci="1" mb="0" cb="0"/><line nr="15" mi="0" ci="3" mb="0" cb="0"/><line nr="16" mi="0" ci="3" mb="0" cb="0"/><line nr="17" mi="0" ci="10" mb="0" cb="2"/><line nr="18" mi="0" ci="2" mb="0" cb="0"/><line nr="19" mi="0" ci="10" mb="0" cb="2"/><line nr="20" mi="0" ci="2" mb="0" cb="0"/><line nr="22" mi="0" ci="2" mb="0" cb="0"/><counter type="INSTRUCTION" missed="0" covered="38"/><counter type="BRANCH" missed="0" covered="4"/><counter type="LINE" missed="0" covered="10"/><counter type="COMPLEXITY" missed="0" covered="4"/><counter type="METHOD" missed="0" covered="2"/><counter type="CLASS" missed="0" covered="1"/></sourcefile><sourcefile name="Repl.java"><line nr="25" mi="0" ci="2" mb="0" cb="0"/><line nr="26" mi="0" ci="3" mb="0" cb="0"/><line nr="27" mi="0" ci="9" mb="0" cb="0"/><line nr="28" mi="0" ci="1" mb="0" cb="0"/><line nr="38" mi="4" ci="0" mb="0" cb="0"/><line nr="40" mi="2" ci="0" mb="2" cb="0"/><line nr="42" mi="4" ci="0" mb="2" cb="0"/><line nr="43" mi="1" ci="0" mb="0" cb="0"/><line nr="45" mi="5" ci="0" mb="0" cb="0"/><line nr="46" mi="7" ci="0" mb="2" cb="0"/><line nr="47" mi="11" ci="0" mb="0" cb="0"/><line nr="50" mi="3" ci="0" mb="0" cb="0"/><line nr="53" mi="1" ci="0" mb="0" cb="0"/><line nr="54" mi="1" ci="0" mb="0" cb="0"/><line nr="57" mi="1" ci="0" mb="0" cb="0"/><line nr="58" mi="3" ci="0" mb="0" cb="0"/><line nr="59" mi="2" ci="0" mb="0" cb="0"/><line nr="61" mi="1" ci="0" mb="0" cb="0"/><line nr="69" mi="4" ci="0" mb="0" cb="0"/><line nr="75" mi="3" ci="0" mb="0" cb="0"/><line nr="76" mi="4" ci="0" mb="0" cb="0"/><line nr="77" mi="3" ci="0" mb="2" cb="0"/><line nr="78" mi="6" ci="0" mb="0" cb="0"/><line nr="80" mi="3" ci="0" mb="0" cb="0"/><line nr="81" mi="3" ci="0" mb="0" cb="0"/><line nr="82" mi="5" ci="0" mb="0" cb="0"/><counter type="INSTRUCTION" missed="77" covered="15"/><counter type="BRANCH" missed="8" covered="0"/><counter type="LINE" missed="22" covered="4"/><counter type="COMPLEXITY" missed="6" covered="1"/><counter type="METHOD" missed="2" covered="1"/><counter type="CLASS" missed="0" covered="1"/></sourcefile><sourcefile name="CordComparable.java"/><counter type="INSTRUCTION" missed="183" covered="315"/><counter type="BRANCH" missed="37" covered="31"/><counter type="LINE" missed="48" covered="83"/><counter type="COMPLEXITY" missed="27" covered="26"/><counter type="METHOD" missed="3" covered="16"/><counter type="CLASS" missed="0" covered="5"/></package><counter type="INSTRUCTION" missed="784" covered="2479"/><counter type="BRANCH" missed="87" covered="243"/><counter type="LINE" missed="198" covered="522"/><counter type="COMPLEXITY" missed="80" covered="146"/><counter type="METHOD" missed="16" covered="43"/><counter type="CLASS" missed="6" covered="9"/></report>